{"/Users/ywenpiret/Documents/dev-web/MMI3/mmi-dev-avance-2026/mmi-dev-avance-2026/pokedex/app.js": {"path":"/Users/ywenpiret/Documents/dev-web/MMI3/mmi-dev-avance-2026/mmi-dev-avance-2026/pokedex/app.js","statementMap":{"0":{"start":{"line":1,"column":0},"end":{"line":1,"column":27}},"1":{"start":{"line":2,"column":16},"end":{"line":2,"column":34}},"2":{"start":{"line":3,"column":13},"end":{"line":3,"column":28}},"3":{"start":{"line":4,"column":12},"end":{"line":4,"column":21}},"4":{"start":{"line":6,"column":0},"end":{"line":6,"column":16}},"5":{"start":{"line":9,"column":0},"end":{"line":9,"column":46}},"6":{"start":{"line":10,"column":0},"end":{"line":10,"column":24}},"7":{"start":{"line":13,"column":16},"end":{"line":13,"column":35}},"8":{"start":{"line":15,"column":0},"end":{"line":17,"column":33}},"9":{"start":{"line":16,"column":11},"end":{"line":16,"column":55}},"10":{"start":{"line":17,"column":15},"end":{"line":17,"column":31}},"11":{"start":{"line":20,"column":18},"end":{"line":20,"column":45}},"12":{"start":{"line":21,"column":0},"end":{"line":21,"column":27}},"13":{"start":{"line":23,"column":19},"end":{"line":23,"column":47}},"14":{"start":{"line":24,"column":0},"end":{"line":24,"column":29}},"15":{"start":{"line":26,"column":19},"end":{"line":26,"column":47}},"16":{"start":{"line":27,"column":0},"end":{"line":27,"column":28}},"17":{"start":{"line":29,"column":22},"end":{"line":29,"column":53}},"18":{"start":{"line":30,"column":0},"end":{"line":30,"column":35}},"19":{"start":{"line":32,"column":0},"end":{"line":32,"column":21}}},"fnMap":{"0":{"name":"(anonymous_0)","decl":{"start":{"line":16,"column":6},"end":{"line":16,"column":7}},"loc":{"start":{"line":16,"column":11},"end":{"line":16,"column":55}},"line":16},"1":{"name":"(anonymous_1)","decl":{"start":{"line":17,"column":7},"end":{"line":17,"column":8}},"loc":{"start":{"line":17,"column":15},"end":{"line":17,"column":31}},"line":17}},"branchMap":{},"s":{"0":1,"1":1,"2":1,"3":1,"4":1,"5":1,"6":1,"7":1,"8":1,"9":1,"10":0,"11":1,"12":1,"13":1,"14":1,"15":1,"16":1,"17":1,"18":1,"19":1},"f":{"0":1,"1":0},"b":{},"_coverageSchema":"1a1c01bbd47fc00a2c39e90264f33305004495a9","hash":"a756af0206445c1afe2e10bce332acfa7d52906d"}
,"/Users/ywenpiret/Documents/dev-web/MMI3/mmi-dev-avance-2026/mmi-dev-avance-2026/pokedex/src/controllers/auth.controller.js": {"path":"/Users/ywenpiret/Documents/dev-web/MMI3/mmi-dev-avance-2026/mmi-dev-avance-2026/pokedex/src/controllers/auth.controller.js","statementMap":{"0":{"start":{"line":1,"column":20},"end":{"line":1,"column":55}},"1":{"start":{"line":2,"column":15},"end":{"line":2,"column":32}},"2":{"start":{"line":3,"column":12},"end":{"line":3,"column":35}},"3":{"start":{"line":5,"column":0},"end":{"line":20,"column":2}},"4":{"start":{"line":7,"column":19},"end":{"line":7,"column":44}},"5":{"start":{"line":8,"column":4},"end":{"line":19,"column":5}},"6":{"start":{"line":9,"column":8},"end":{"line":9,"column":29}},"7":{"start":{"line":11,"column":19},"end":{"line":11,"column":59}},"8":{"start":{"line":12,"column":8},"end":{"line":12,"column":33}},"9":{"start":{"line":13,"column":8},"end":{"line":13,"column":44}},"10":{"start":{"line":14,"column":8},"end":{"line":14,"column":52}},"11":{"start":{"line":15,"column":8},"end":{"line":15,"column":74}},"12":{"start":{"line":17,"column":8},"end":{"line":17,"column":36}},"13":{"start":{"line":18,"column":8},"end":{"line":18,"column":34}},"14":{"start":{"line":22,"column":0},"end":{"line":63,"column":2}},"15":{"start":{"line":23,"column":4},"end":{"line":62,"column":5}},"16":{"start":{"line":25,"column":27},"end":{"line":25,"column":62}},"17":{"start":{"line":27,"column":8},"end":{"line":29,"column":9}},"18":{"start":{"line":28,"column":12},"end":{"line":28,"column":81}},"19":{"start":{"line":31,"column":8},"end":{"line":35,"column":9}},"20":{"start":{"line":32,"column":12},"end":{"line":32,"column":64}},"21":{"start":{"line":34,"column":12},"end":{"line":34,"column":67}},"22":{"start":{"line":37,"column":8},"end":{"line":39,"column":9}},"23":{"start":{"line":38,"column":12},"end":{"line":38,"column":79}},"24":{"start":{"line":41,"column":32},"end":{"line":41,"column":100}},"25":{"start":{"line":42,"column":8},"end":{"line":44,"column":9}},"26":{"start":{"line":43,"column":12},"end":{"line":43,"column":79}},"27":{"start":{"line":46,"column":22},"end":{"line":50,"column":9}},"28":{"start":{"line":51,"column":8},"end":{"line":58,"column":11}},"29":{"start":{"line":60,"column":8},"end":{"line":60,"column":36}},"30":{"start":{"line":61,"column":8},"end":{"line":61,"column":34}},"31":{"start":{"line":65,"column":0},"end":{"line":67,"column":2}},"32":{"start":{"line":66,"column":4},"end":{"line":66,"column":27}}},"fnMap":{"0":{"name":"(anonymous_0)","decl":{"start":{"line":5,"column":19},"end":{"line":5,"column":20}},"loc":{"start":{"line":5,"column":39},"end":{"line":20,"column":1}},"line":5},"1":{"name":"(anonymous_1)","decl":{"start":{"line":22,"column":16},"end":{"line":22,"column":17}},"loc":{"start":{"line":22,"column":36},"end":{"line":63,"column":1}},"line":22},"2":{"name":"(anonymous_2)","decl":{"start":{"line":65,"column":20},"end":{"line":65,"column":21}},"loc":{"start":{"line":65,"column":40},"end":{"line":67,"column":1}},"line":65}},"branchMap":{"0":{"loc":{"start":{"line":25,"column":27},"end":{"line":25,"column":62}},"type":"binary-expr","locations":[{"start":{"line":25,"column":27},"end":{"line":25,"column":41}},{"start":{"line":25,"column":45},"end":{"line":25,"column":62}}],"line":25},"1":{"loc":{"start":{"line":27,"column":8},"end":{"line":29,"column":9}},"type":"if","locations":[{"start":{"line":27,"column":8},"end":{"line":29,"column":9}},{"start":{},"end":{}}],"line":27},"2":{"loc":{"start":{"line":31,"column":8},"end":{"line":35,"column":9}},"type":"if","locations":[{"start":{"line":31,"column":8},"end":{"line":35,"column":9}},{"start":{"line":33,"column":15},"end":{"line":35,"column":9}}],"line":31},"3":{"loc":{"start":{"line":37,"column":8},"end":{"line":39,"column":9}},"type":"if","locations":[{"start":{"line":37,"column":8},"end":{"line":39,"column":9}},{"start":{},"end":{}}],"line":37},"4":{"loc":{"start":{"line":42,"column":8},"end":{"line":44,"column":9}},"type":"if","locations":[{"start":{"line":42,"column":8},"end":{"line":44,"column":9}},{"start":{},"end":{}}],"line":42}},"s":{"0":1,"1":1,"2":1,"3":1,"4":13,"5":13,"6":13,"7":13,"8":13,"9":13,"10":13,"11":13,"12":0,"13":0,"14":1,"15":14,"16":14,"17":14,"18":0,"19":14,"20":13,"21":0,"22":13,"23":0,"24":13,"25":13,"26":1,"27":12,"28":12,"29":1,"30":1,"31":1,"32":0},"f":{"0":13,"1":14,"2":0},"b":{"0":[14,0],"1":[0,14],"2":[13,0],"3":[0,13],"4":[1,12]},"_coverageSchema":"1a1c01bbd47fc00a2c39e90264f33305004495a9","hash":"e3a889fb8efc79ca9eea7f3cf64ea9f409ab4ae5"}
,"/Users/ywenpiret/Documents/dev-web/MMI3/mmi-dev-avance-2026/mmi-dev-avance-2026/pokedex/src/controllers/pkmn.controller.js": {"path":"/Users/ywenpiret/Documents/dev-web/MMI3/mmi-dev-avance-2026/mmi-dev-avance-2026/pokedex/src/controllers/pkmn.controller.js","statementMap":{"0":{"start":{"line":1,"column":24},"end":{"line":1,"column":59}},"1":{"start":{"line":3,"column":17},"end":{"line":17,"column":1}},"2":{"start":{"line":4,"column":4},"end":{"line":16,"column":5}},"3":{"start":{"line":5,"column":22},"end":{"line":5,"column":44}},"4":{"start":{"line":6,"column":8},"end":{"line":9,"column":11}},"5":{"start":{"line":11,"column":8},"end":{"line":15,"column":11}},"6":{"start":{"line":19,"column":23},"end":{"line":33,"column":1}},"7":{"start":{"line":20,"column":4},"end":{"line":32,"column":5}},"8":{"start":{"line":21,"column":32},"end":{"line":21,"column":75}},"9":{"start":{"line":22,"column":8},"end":{"line":25,"column":11}},"10":{"start":{"line":27,"column":8},"end":{"line":31,"column":11}},"11":{"start":{"line":35,"column":23},"end":{"line":67,"column":1}},"12":{"start":{"line":36,"column":4},"end":{"line":66,"column":5}},"13":{"start":{"line":37,"column":29},"end":{"line":37,"column":38}},"14":{"start":{"line":40,"column":8},"end":{"line":51,"column":9}},"15":{"start":{"line":41,"column":28},"end":{"line":41,"column":66}},"16":{"start":{"line":42,"column":12},"end":{"line":47,"column":13}},"17":{"start":{"line":43,"column":16},"end":{"line":46,"column":19}},"18":{"start":{"line":48,"column":12},"end":{"line":50,"column":15}},"19":{"start":{"line":54,"column":25},"end":{"line":54,"column":59}},"20":{"start":{"line":55,"column":8},"end":{"line":59,"column":11}},"21":{"start":{"line":61,"column":8},"end":{"line":65,"column":11}},"22":{"start":{"line":69,"column":22},"end":{"line":83,"column":1}},"23":{"start":{"line":70,"column":4},"end":{"line":82,"column":5}},"24":{"start":{"line":71,"column":24},"end":{"line":71,"column":65}},"25":{"start":{"line":72,"column":8},"end":{"line":75,"column":11}},"26":{"start":{"line":77,"column":8},"end":{"line":81,"column":11}},"27":{"start":{"line":85,"column":22},"end":{"line":111,"column":1}},"28":{"start":{"line":86,"column":4},"end":{"line":110,"column":5}},"29":{"start":{"line":87,"column":23},"end":{"line":87,"column":32}},"30":{"start":{"line":88,"column":8},"end":{"line":93,"column":9}},"31":{"start":{"line":89,"column":12},"end":{"line":92,"column":15}},"32":{"start":{"line":95,"column":31},"end":{"line":95,"column":66}},"33":{"start":{"line":96,"column":8},"end":{"line":101,"column":9}},"34":{"start":{"line":97,"column":12},"end":{"line":100,"column":15}},"35":{"start":{"line":103,"column":8},"end":{"line":103,"column":74}},"36":{"start":{"line":105,"column":8},"end":{"line":109,"column":11}},"37":{"start":{"line":113,"column":22},"end":{"line":142,"column":1}},"38":{"start":{"line":114,"column":4},"end":{"line":141,"column":5}},"39":{"start":{"line":115,"column":23},"end":{"line":115,"column":32}},"40":{"start":{"line":116,"column":8},"end":{"line":121,"column":9}},"41":{"start":{"line":117,"column":12},"end":{"line":120,"column":15}},"42":{"start":{"line":123,"column":31},"end":{"line":123,"column":76}},"43":{"start":{"line":124,"column":8},"end":{"line":129,"column":9}},"44":{"start":{"line":125,"column":12},"end":{"line":128,"column":15}},"45":{"start":{"line":131,"column":8},"end":{"line":134,"column":11}},"46":{"start":{"line":136,"column":8},"end":{"line":140,"column":11}},"47":{"start":{"line":144,"column":27},"end":{"line":173,"column":1}},"48":{"start":{"line":145,"column":4},"end":{"line":172,"column":5}},"49":{"start":{"line":146,"column":63},"end":{"line":146,"column":71}},"50":{"start":{"line":149,"column":8},"end":{"line":154,"column":9}},"51":{"start":{"line":150,"column":12},"end":{"line":153,"column":15}},"52":{"start":{"line":156,"column":24},"end":{"line":160,"column":9}},"53":{"start":{"line":162,"column":8},"end":{"line":165,"column":11}},"54":{"start":{"line":167,"column":8},"end":{"line":171,"column":11}},"55":{"start":{"line":175,"column":32},"end":{"line":204,"column":1}},"56":{"start":{"line":176,"column":4},"end":{"line":203,"column":5}},"57":{"start":{"line":177,"column":23},"end":{"line":177,"column":97}},"58":{"start":{"line":178,"column":27},"end":{"line":178,"column":70}},"59":{"start":{"line":181,"column":8},"end":{"line":186,"column":9}},"60":{"start":{"line":182,"column":12},"end":{"line":185,"column":15}},"61":{"start":{"line":188,"column":24},"end":{"line":188,"column":85}},"62":{"start":{"line":189,"column":8},"end":{"line":194,"column":9}},"63":{"start":{"line":190,"column":12},"end":{"line":193,"column":15}},"64":{"start":{"line":196,"column":8},"end":{"line":196,"column":74}},"65":{"start":{"line":198,"column":8},"end":{"line":202,"column":11}},"66":{"start":{"line":206,"column":0},"end":{"line":215,"column":2}}},"fnMap":{"0":{"name":"(anonymous_0)","decl":{"start":{"line":3,"column":17},"end":{"line":3,"column":18}},"loc":{"start":{"line":3,"column":31},"end":{"line":17,"column":1}},"line":3},"1":{"name":"(anonymous_1)","decl":{"start":{"line":19,"column":23},"end":{"line":19,"column":24}},"loc":{"start":{"line":19,"column":43},"end":{"line":33,"column":1}},"line":19},"2":{"name":"(anonymous_2)","decl":{"start":{"line":35,"column":23},"end":{"line":35,"column":24}},"loc":{"start":{"line":35,"column":43},"end":{"line":67,"column":1}},"line":35},"3":{"name":"(anonymous_3)","decl":{"start":{"line":69,"column":22},"end":{"line":69,"column":23}},"loc":{"start":{"line":69,"column":42},"end":{"line":83,"column":1}},"line":69},"4":{"name":"(anonymous_4)","decl":{"start":{"line":85,"column":22},"end":{"line":85,"column":23}},"loc":{"start":{"line":85,"column":42},"end":{"line":111,"column":1}},"line":85},"5":{"name":"(anonymous_5)","decl":{"start":{"line":113,"column":22},"end":{"line":113,"column":23}},"loc":{"start":{"line":113,"column":42},"end":{"line":142,"column":1}},"line":113},"6":{"name":"(anonymous_6)","decl":{"start":{"line":144,"column":27},"end":{"line":144,"column":28}},"loc":{"start":{"line":144,"column":47},"end":{"line":173,"column":1}},"line":144},"7":{"name":"(anonymous_7)","decl":{"start":{"line":175,"column":32},"end":{"line":175,"column":33}},"loc":{"start":{"line":175,"column":52},"end":{"line":204,"column":1}},"line":175}},"branchMap":{"0":{"loc":{"start":{"line":40,"column":8},"end":{"line":51,"column":9}},"type":"if","locations":[{"start":{"line":40,"column":8},"end":{"line":51,"column":9}},{"start":{},"end":{}}],"line":40},"1":{"loc":{"start":{"line":40,"column":12},"end":{"line":40,"column":22}},"type":"binary-expr","locations":[{"start":{"line":40,"column":12},"end":{"line":40,"column":14}},{"start":{"line":40,"column":18},"end":{"line":40,"column":22}}],"line":40},"2":{"loc":{"start":{"line":42,"column":12},"end":{"line":47,"column":13}},"type":"if","locations":[{"start":{"line":42,"column":12},"end":{"line":47,"column":13}},{"start":{},"end":{}}],"line":42},"3":{"loc":{"start":{"line":88,"column":8},"end":{"line":93,"column":9}},"type":"if","locations":[{"start":{"line":88,"column":8},"end":{"line":93,"column":9}},{"start":{},"end":{}}],"line":88},"4":{"loc":{"start":{"line":96,"column":8},"end":{"line":101,"column":9}},"type":"if","locations":[{"start":{"line":96,"column":8},"end":{"line":101,"column":9}},{"start":{},"end":{}}],"line":96},"5":{"loc":{"start":{"line":116,"column":8},"end":{"line":121,"column":9}},"type":"if","locations":[{"start":{"line":116,"column":8},"end":{"line":121,"column":9}},{"start":{},"end":{}}],"line":116},"6":{"loc":{"start":{"line":124,"column":8},"end":{"line":129,"column":9}},"type":"if","locations":[{"start":{"line":124,"column":8},"end":{"line":129,"column":9}},{"start":{},"end":{}}],"line":124},"7":{"loc":{"start":{"line":149,"column":8},"end":{"line":154,"column":9}},"type":"if","locations":[{"start":{"line":149,"column":8},"end":{"line":154,"column":9}},{"start":{},"end":{}}],"line":149},"8":{"loc":{"start":{"line":149,"column":12},"end":{"line":149,"column":61}},"type":"binary-expr","locations":[{"start":{"line":149,"column":12},"end":{"line":149,"column":22}},{"start":{"line":149,"column":26},"end":{"line":149,"column":37}},{"start":{"line":149,"column":41},"end":{"line":149,"column":61}}],"line":149},"9":{"loc":{"start":{"line":177,"column":23},"end":{"line":177,"column":97}},"type":"binary-expr","locations":[{"start":{"line":177,"column":23},"end":{"line":177,"column":39}},{"start":{"line":177,"column":43},"end":{"line":177,"column":58}},{"start":{"line":177,"column":62},"end":{"line":177,"column":78}},{"start":{"line":177,"column":82},"end":{"line":177,"column":97}}],"line":177},"10":{"loc":{"start":{"line":178,"column":27},"end":{"line":178,"column":70}},"type":"binary-expr","locations":[{"start":{"line":178,"column":27},"end":{"line":178,"column":47}},{"start":{"line":178,"column":51},"end":{"line":178,"column":70}}],"line":178},"11":{"loc":{"start":{"line":181,"column":8},"end":{"line":186,"column":9}},"type":"if","locations":[{"start":{"line":181,"column":8},"end":{"line":186,"column":9}},{"start":{},"end":{}}],"line":181},"12":{"loc":{"start":{"line":181,"column":12},"end":{"line":181,"column":34}},"type":"binary-expr","locations":[{"start":{"line":181,"column":12},"end":{"line":181,"column":19}},{"start":{"line":181,"column":23},"end":{"line":181,"column":34}}],"line":181},"13":{"loc":{"start":{"line":189,"column":8},"end":{"line":194,"column":9}},"type":"if","locations":[{"start":{"line":189,"column":8},"end":{"line":194,"column":9}},{"start":{},"end":{}}],"line":189}},"s":{"0":1,"1":1,"2":1,"3":1,"4":1,"5":0,"6":1,"7":2,"8":2,"9":2,"10":0,"11":1,"12":3,"13":3,"14":3,"15":1,"16":1,"17":1,"18":0,"19":2,"20":2,"21":0,"22":1,"23":4,"24":4,"25":3,"26":1,"27":1,"28":1,"29":1,"30":1,"31":0,"32":1,"33":1,"34":0,"35":1,"36":0,"37":1,"38":0,"39":0,"40":0,"41":0,"42":0,"43":0,"44":0,"45":0,"46":0,"47":1,"48":0,"49":0,"50":0,"51":0,"52":0,"53":0,"54":0,"55":1,"56":1,"57":1,"58":1,"59":1,"60":0,"61":1,"62":1,"63":0,"64":1,"65":0,"66":1},"f":{"0":1,"1":2,"2":3,"3":4,"4":1,"5":0,"6":0,"7":1},"b":{"0":[1,2],"1":[3,2],"2":[1,0],"3":[0,1],"4":[0,1],"5":[0,0],"6":[0,0],"7":[0,0],"8":[0,0,0],"9":[1,1,0,0],"10":[1,1],"11":[0,1],"12":[1,1],"13":[0,1]},"_coverageSchema":"1a1c01bbd47fc00a2c39e90264f33305004495a9","hash":"81129ae1db5f0331882c26b68607bab3b0fb4441"}
,"/Users/ywenpiret/Documents/dev-web/MMI3/mmi-dev-avance-2026/mmi-dev-avance-2026/pokedex/src/controllers/trainer.controller.js": {"path":"/Users/ywenpiret/Documents/dev-web/MMI3/mmi-dev-avance-2026/mmi-dev-avance-2026/pokedex/src/controllers/trainer.controller.js","statementMap":{"0":{"start":{"line":1,"column":27},"end":{"line":1,"column":65}},"1":{"start":{"line":3,"column":22},"end":{"line":18,"column":1}},"2":{"start":{"line":4,"column":4},"end":{"line":17,"column":5}},"3":{"start":{"line":5,"column":23},"end":{"line":5,"column":38}},"4":{"start":{"line":6,"column":24},"end":{"line":6,"column":76}},"5":{"start":{"line":8,"column":8},"end":{"line":11,"column":11}},"6":{"start":{"line":13,"column":8},"end":{"line":16,"column":11}},"7":{"start":{"line":20,"column":19},"end":{"line":42,"column":1}},"8":{"start":{"line":21,"column":4},"end":{"line":41,"column":5}},"9":{"start":{"line":22,"column":23},"end":{"line":22,"column":38}},"10":{"start":{"line":23,"column":24},"end":{"line":23,"column":63}},"11":{"start":{"line":25,"column":8},"end":{"line":30,"column":9}},"12":{"start":{"line":26,"column":12},"end":{"line":29,"column":15}},"13":{"start":{"line":32,"column":8},"end":{"line":34,"column":11}},"14":{"start":{"line":36,"column":8},"end":{"line":40,"column":11}},"15":{"start":{"line":44,"column":22},"end":{"line":67,"column":1}},"16":{"start":{"line":45,"column":4},"end":{"line":66,"column":5}},"17":{"start":{"line":46,"column":23},"end":{"line":46,"column":38}},"18":{"start":{"line":47,"column":31},"end":{"line":47,"column":83}},"19":{"start":{"line":49,"column":8},"end":{"line":54,"column":9}},"20":{"start":{"line":50,"column":12},"end":{"line":53,"column":15}},"21":{"start":{"line":56,"column":8},"end":{"line":59,"column":11}},"22":{"start":{"line":61,"column":8},"end":{"line":65,"column":11}},"23":{"start":{"line":69,"column":22},"end":{"line":89,"column":1}},"24":{"start":{"line":70,"column":4},"end":{"line":88,"column":5}},"25":{"start":{"line":71,"column":23},"end":{"line":71,"column":38}},"26":{"start":{"line":72,"column":31},"end":{"line":72,"column":73}},"27":{"start":{"line":74,"column":8},"end":{"line":79,"column":9}},"28":{"start":{"line":75,"column":12},"end":{"line":78,"column":15}},"29":{"start":{"line":81,"column":8},"end":{"line":81,"column":31}},"30":{"start":{"line":83,"column":8},"end":{"line":87,"column":11}},"31":{"start":{"line":91,"column":20},"end":{"line":115,"column":1}},"32":{"start":{"line":92,"column":4},"end":{"line":114,"column":5}},"33":{"start":{"line":93,"column":23},"end":{"line":93,"column":38}},"34":{"start":{"line":94,"column":42},"end":{"line":94,"column":50}},"35":{"start":{"line":96,"column":8},"end":{"line":101,"column":9}},"36":{"start":{"line":97,"column":12},"end":{"line":100,"column":15}},"37":{"start":{"line":103,"column":31},"end":{"line":103,"column":94}},"38":{"start":{"line":105,"column":8},"end":{"line":108,"column":11}},"39":{"start":{"line":110,"column":8},"end":{"line":113,"column":11}},"40":{"start":{"line":117,"column":0},"end":{"line":123,"column":2}}},"fnMap":{"0":{"name":"(anonymous_0)","decl":{"start":{"line":3,"column":22},"end":{"line":3,"column":23}},"loc":{"start":{"line":3,"column":42},"end":{"line":18,"column":1}},"line":3},"1":{"name":"(anonymous_1)","decl":{"start":{"line":20,"column":19},"end":{"line":20,"column":20}},"loc":{"start":{"line":20,"column":39},"end":{"line":42,"column":1}},"line":20},"2":{"name":"(anonymous_2)","decl":{"start":{"line":44,"column":22},"end":{"line":44,"column":23}},"loc":{"start":{"line":44,"column":42},"end":{"line":67,"column":1}},"line":44},"3":{"name":"(anonymous_3)","decl":{"start":{"line":69,"column":22},"end":{"line":69,"column":23}},"loc":{"start":{"line":69,"column":42},"end":{"line":89,"column":1}},"line":69},"4":{"name":"(anonymous_4)","decl":{"start":{"line":91,"column":20},"end":{"line":91,"column":21}},"loc":{"start":{"line":91,"column":40},"end":{"line":115,"column":1}},"line":91}},"branchMap":{"0":{"loc":{"start":{"line":25,"column":8},"end":{"line":30,"column":9}},"type":"if","locations":[{"start":{"line":25,"column":8},"end":{"line":30,"column":9}},{"start":{},"end":{}}],"line":25},"1":{"loc":{"start":{"line":49,"column":8},"end":{"line":54,"column":9}},"type":"if","locations":[{"start":{"line":49,"column":8},"end":{"line":54,"column":9}},{"start":{},"end":{}}],"line":49},"2":{"loc":{"start":{"line":74,"column":8},"end":{"line":79,"column":9}},"type":"if","locations":[{"start":{"line":74,"column":8},"end":{"line":79,"column":9}},{"start":{},"end":{}}],"line":74},"3":{"loc":{"start":{"line":96,"column":8},"end":{"line":101,"column":9}},"type":"if","locations":[{"start":{"line":96,"column":8},"end":{"line":101,"column":9}},{"start":{},"end":{}}],"line":96},"4":{"loc":{"start":{"line":96,"column":12},"end":{"line":96,"column":50}},"type":"binary-expr","locations":[{"start":{"line":96,"column":12},"end":{"line":96,"column":22}},{"start":{"line":96,"column":26},"end":{"line":96,"column":50}}],"line":96}},"s":{"0":1,"1":1,"2":2,"3":2,"4":2,"5":1,"6":1,"7":1,"8":3,"9":3,"10":3,"11":3,"12":2,"13":1,"14":0,"15":1,"16":1,"17":1,"18":1,"19":1,"20":0,"21":1,"22":0,"23":1,"24":1,"25":1,"26":1,"27":1,"28":0,"29":1,"30":0,"31":1,"32":3,"33":3,"34":3,"35":3,"36":0,"37":3,"38":2,"39":1,"40":1},"f":{"0":2,"1":3,"2":1,"3":1,"4":3},"b":{"0":[2,1],"1":[0,1],"2":[0,1],"3":[0,3],"4":[3,3]},"_coverageSchema":"1a1c01bbd47fc00a2c39e90264f33305004495a9","hash":"26d5928b27453f3a18a2b1f95ec989417c90f88f"}
,"/Users/ywenpiret/Documents/dev-web/MMI3/mmi-dev-avance-2026/mmi-dev-avance-2026/pokedex/src/controllers/user.controller.js": {"path":"/Users/ywenpiret/Documents/dev-web/MMI3/mmi-dev-avance-2026/mmi-dev-avance-2026/pokedex/src/controllers/user.controller.js","statementMap":{"0":{"start":{"line":1,"column":20},"end":{"line":1,"column":55}},"1":{"start":{"line":2,"column":15},"end":{"line":2,"column":32}},"2":{"start":{"line":5,"column":0},"end":{"line":18,"column":2}},"3":{"start":{"line":7,"column":19},"end":{"line":7,"column":44}},"4":{"start":{"line":8,"column":4},"end":{"line":17,"column":5}},"5":{"start":{"line":9,"column":19},"end":{"line":9,"column":59}},"6":{"start":{"line":10,"column":8},"end":{"line":10,"column":33}},"7":{"start":{"line":11,"column":8},"end":{"line":11,"column":44}},"8":{"start":{"line":12,"column":8},"end":{"line":12,"column":54}},"9":{"start":{"line":13,"column":8},"end":{"line":13,"column":47}},"10":{"start":{"line":15,"column":8},"end":{"line":15,"column":36}},"11":{"start":{"line":16,"column":8},"end":{"line":16,"column":34}},"12":{"start":{"line":21,"column":0},"end":{"line":34,"column":2}},"13":{"start":{"line":22,"column":4},"end":{"line":33,"column":5}},"14":{"start":{"line":23,"column":21},"end":{"line":23,"column":81}},"15":{"start":{"line":24,"column":8},"end":{"line":26,"column":9}},"16":{"start":{"line":25,"column":12},"end":{"line":25,"column":71}},"17":{"start":{"line":27,"column":8},"end":{"line":29,"column":9}},"18":{"start":{"line":28,"column":12},"end":{"line":28,"column":110}},"19":{"start":{"line":30,"column":8},"end":{"line":30,"column":35}},"20":{"start":{"line":32,"column":8},"end":{"line":32,"column":34}},"21":{"start":{"line":37,"column":0},"end":{"line":54,"column":2}},"22":{"start":{"line":39,"column":19},"end":{"line":39,"column":44}},"23":{"start":{"line":40,"column":4},"end":{"line":53,"column":5}},"24":{"start":{"line":41,"column":8},"end":{"line":43,"column":9}},"25":{"start":{"line":42,"column":12},"end":{"line":42,"column":110}},"26":{"start":{"line":44,"column":19},"end":{"line":44,"column":59}},"27":{"start":{"line":45,"column":8},"end":{"line":45,"column":33}},"28":{"start":{"line":46,"column":21},"end":{"line":46,"column":78}},"29":{"start":{"line":47,"column":8},"end":{"line":49,"column":9}},"30":{"start":{"line":48,"column":12},"end":{"line":48,"column":71}},"31":{"start":{"line":50,"column":8},"end":{"line":50,"column":35}},"32":{"start":{"line":52,"column":8},"end":{"line":52,"column":34}},"33":{"start":{"line":57,"column":0},"end":{"line":67,"column":2}},"34":{"start":{"line":58,"column":4},"end":{"line":66,"column":5}},"35":{"start":{"line":59,"column":21},"end":{"line":59,"column":68}},"36":{"start":{"line":60,"column":8},"end":{"line":62,"column":9}},"37":{"start":{"line":61,"column":12},"end":{"line":61,"column":71}},"38":{"start":{"line":63,"column":8},"end":{"line":63,"column":77}},"39":{"start":{"line":65,"column":8},"end":{"line":65,"column":34}},"40":{"start":{"line":70,"column":0},"end":{"line":77,"column":2}},"41":{"start":{"line":71,"column":4},"end":{"line":76,"column":5}},"42":{"start":{"line":72,"column":22},"end":{"line":72,"column":53}},"43":{"start":{"line":73,"column":8},"end":{"line":73,"column":36}},"44":{"start":{"line":75,"column":8},"end":{"line":75,"column":34}}},"fnMap":{"0":{"name":"(anonymous_0)","decl":{"start":{"line":5,"column":21},"end":{"line":5,"column":22}},"loc":{"start":{"line":5,"column":41},"end":{"line":18,"column":1}},"line":5},"1":{"name":"(anonymous_1)","decl":{"start":{"line":21,"column":29},"end":{"line":21,"column":30}},"loc":{"start":{"line":21,"column":49},"end":{"line":34,"column":1}},"line":21},"2":{"name":"(anonymous_2)","decl":{"start":{"line":37,"column":21},"end":{"line":37,"column":22}},"loc":{"start":{"line":37,"column":41},"end":{"line":54,"column":1}},"line":37},"3":{"name":"(anonymous_3)","decl":{"start":{"line":57,"column":21},"end":{"line":57,"column":22}},"loc":{"start":{"line":57,"column":41},"end":{"line":67,"column":1}},"line":57},"4":{"name":"(anonymous_4)","decl":{"start":{"line":70,"column":22},"end":{"line":70,"column":23}},"loc":{"start":{"line":70,"column":42},"end":{"line":77,"column":1}},"line":70}},"branchMap":{"0":{"loc":{"start":{"line":24,"column":8},"end":{"line":26,"column":9}},"type":"if","locations":[{"start":{"line":24,"column":8},"end":{"line":26,"column":9}},{"start":{},"end":{}}],"line":24},"1":{"loc":{"start":{"line":27,"column":8},"end":{"line":29,"column":9}},"type":"if","locations":[{"start":{"line":27,"column":8},"end":{"line":29,"column":9}},{"start":{},"end":{}}],"line":27},"2":{"loc":{"start":{"line":41,"column":8},"end":{"line":43,"column":9}},"type":"if","locations":[{"start":{"line":41,"column":8},"end":{"line":43,"column":9}},{"start":{},"end":{}}],"line":41},"3":{"loc":{"start":{"line":47,"column":8},"end":{"line":49,"column":9}},"type":"if","locations":[{"start":{"line":47,"column":8},"end":{"line":49,"column":9}},{"start":{},"end":{}}],"line":47},"4":{"loc":{"start":{"line":60,"column":8},"end":{"line":62,"column":9}},"type":"if","locations":[{"start":{"line":60,"column":8},"end":{"line":62,"column":9}},{"start":{},"end":{}}],"line":60}},"s":{"0":1,"1":1,"2":1,"3":3,"4":3,"5":3,"6":2,"7":2,"8":2,"9":2,"10":1,"11":1,"12":1,"13":3,"14":3,"15":3,"16":1,"17":2,"18":1,"19":1,"20":0,"21":1,"22":2,"23":2,"24":2,"25":1,"26":1,"27":1,"28":1,"29":1,"30":0,"31":1,"32":0,"33":1,"34":2,"35":2,"36":2,"37":1,"38":1,"39":0,"40":1,"41":1,"42":1,"43":1,"44":0},"f":{"0":3,"1":3,"2":2,"3":2,"4":1},"b":{"0":[1,2],"1":[1,1],"2":[1,1],"3":[0,1],"4":[1,1]},"_coverageSchema":"1a1c01bbd47fc00a2c39e90264f33305004495a9","hash":"0d977e084911f49a35e55d909574d772e6d557fe"}
,"/Users/ywenpiret/Documents/dev-web/MMI3/mmi-dev-avance-2026/mmi-dev-avance-2026/pokedex/src/middlewares/auth.middleware.js": {"path":"/Users/ywenpiret/Documents/dev-web/MMI3/mmi-dev-avance-2026/mmi-dev-avance-2026/pokedex/src/middlewares/auth.middleware.js","statementMap":{"0":{"start":{"line":1,"column":12},"end":{"line":1,"column":35}},"1":{"start":{"line":4,"column":23},"end":{"line":18,"column":1}},"2":{"start":{"line":5,"column":4},"end":{"line":17,"column":5}},"3":{"start":{"line":6,"column":22},"end":{"line":6,"column":61}},"4":{"start":{"line":7,"column":29},"end":{"line":7,"column":72}},"5":{"start":{"line":8,"column":23},"end":{"line":8,"column":42}},"6":{"start":{"line":9,"column":21},"end":{"line":9,"column":38}},"7":{"start":{"line":10,"column":8},"end":{"line":13,"column":10}},"8":{"start":{"line":14,"column":8},"end":{"line":14,"column":15}},"9":{"start":{"line":16,"column":8},"end":{"line":16,"column":40}},"10":{"start":{"line":21,"column":16},"end":{"line":27,"column":1}},"11":{"start":{"line":22,"column":4},"end":{"line":26,"column":5}},"12":{"start":{"line":23,"column":8},"end":{"line":23,"column":15}},"13":{"start":{"line":25,"column":8},"end":{"line":25,"column":89}},"14":{"start":{"line":29,"column":0},"end":{"line":29,"column":32}},"15":{"start":{"line":30,"column":0},"end":{"line":30,"column":33}}},"fnMap":{"0":{"name":"(anonymous_0)","decl":{"start":{"line":4,"column":23},"end":{"line":4,"column":24}},"loc":{"start":{"line":4,"column":43},"end":{"line":18,"column":1}},"line":4},"1":{"name":"(anonymous_1)","decl":{"start":{"line":21,"column":16},"end":{"line":21,"column":17}},"loc":{"start":{"line":21,"column":36},"end":{"line":27,"column":1}},"line":21}},"branchMap":{"0":{"loc":{"start":{"line":22,"column":4},"end":{"line":26,"column":5}},"type":"if","locations":[{"start":{"line":22,"column":4},"end":{"line":26,"column":5}},{"start":{"line":24,"column":11},"end":{"line":26,"column":5}}],"line":22},"1":{"loc":{"start":{"line":22,"column":8},"end":{"line":22,"column":45}},"type":"binary-expr","locations":[{"start":{"line":22,"column":8},"end":{"line":22,"column":16}},{"start":{"line":22,"column":20},"end":{"line":22,"column":45}}],"line":22}},"s":{"0":1,"1":1,"2":26,"3":26,"4":26,"5":26,"6":26,"7":26,"8":26,"9":0,"10":1,"11":7,"12":3,"13":4,"14":1,"15":1},"f":{"0":26,"1":7},"b":{"0":[3,4],"1":[7,7]},"_coverageSchema":"1a1c01bbd47fc00a2c39e90264f33305004495a9","hash":"d42332cd65e173e8425a37a6ccb87c304551af1a"}
,"/Users/ywenpiret/Documents/dev-web/MMI3/mmi-dev-avance-2026/mmi-dev-avance-2026/pokedex/src/models/PkmnType.js": {"path":"/Users/ywenpiret/Documents/dev-web/MMI3/mmi-dev-avance-2026/mmi-dev-avance-2026/pokedex/src/models/PkmnType.js","statementMap":{"0":{"start":{"line":2,"column":17},"end":{"line":21,"column":1}},"1":{"start":{"line":23,"column":0},"end":{"line":23,"column":26}}},"fnMap":{},"branchMap":{},"s":{"0":1,"1":1},"f":{},"b":{},"_coverageSchema":"1a1c01bbd47fc00a2c39e90264f33305004495a9","hash":"d9beb9570c878c52eb2792688ace4de2e4a1fe71"}
,"/Users/ywenpiret/Documents/dev-web/MMI3/mmi-dev-avance-2026/mmi-dev-avance-2026/pokedex/src/models/pokemon.model.js": {"path":"/Users/ywenpiret/Documents/dev-web/MMI3/mmi-dev-avance-2026/mmi-dev-avance-2026/pokedex/src/models/pokemon.model.js","statementMap":{"0":{"start":{"line":1,"column":17},"end":{"line":1,"column":36}},"1":{"start":{"line":2,"column":17},"end":{"line":2,"column":38}},"2":{"start":{"line":4,"column":22},"end":{"line":49,"column":2}},"3":{"start":{"line":14,"column":16},"end":{"line":14,"column":74}},"4":{"start":{"line":51,"column":16},"end":{"line":51,"column":56}},"5":{"start":{"line":53,"column":0},"end":{"line":53,"column":25}}},"fnMap":{"0":{"name":"(anonymous_0)","decl":{"start":{"line":13,"column":23},"end":{"line":13,"column":24}},"loc":{"start":{"line":13,"column":36},"end":{"line":15,"column":13}},"line":13}},"branchMap":{"0":{"loc":{"start":{"line":14,"column":23},"end":{"line":14,"column":73}},"type":"binary-expr","locations":[{"start":{"line":14,"column":23},"end":{"line":14,"column":39}},{"start":{"line":14,"column":43},"end":{"line":14,"column":56}},{"start":{"line":14,"column":60},"end":{"line":14,"column":73}}],"line":14}},"s":{"0":1,"1":1,"2":1,"3":5,"4":1,"5":1},"f":{"0":5},"b":{"0":[5,5,5]},"_coverageSchema":"1a1c01bbd47fc00a2c39e90264f33305004495a9","hash":"eced65a24fbd79265209e1c99128746af4dede31"}
,"/Users/ywenpiret/Documents/dev-web/MMI3/mmi-dev-avance-2026/mmi-dev-avance-2026/pokedex/src/models/trainer.model.js": {"path":"/Users/ywenpiret/Documents/dev-web/MMI3/mmi-dev-avance-2026/mmi-dev-avance-2026/pokedex/src/models/trainer.model.js","statementMap":{"0":{"start":{"line":1,"column":17},"end":{"line":1,"column":36}},"1":{"start":{"line":3,"column":22},"end":{"line":10,"column":2}},"2":{"start":{"line":12,"column":16},"end":{"line":12,"column":56}},"3":{"start":{"line":14,"column":0},"end":{"line":14,"column":25}}},"fnMap":{},"branchMap":{},"s":{"0":1,"1":1,"2":1,"3":1},"f":{},"b":{},"_coverageSchema":"1a1c01bbd47fc00a2c39e90264f33305004495a9","hash":"4cd3aa8242ca4495f57f91539ac5827b1586e7a6"}
,"/Users/ywenpiret/Documents/dev-web/MMI3/mmi-dev-avance-2026/mmi-dev-avance-2026/pokedex/src/models/users.model.js": {"path":"/Users/ywenpiret/Documents/dev-web/MMI3/mmi-dev-avance-2026/mmi-dev-avance-2026/pokedex/src/models/users.model.js","statementMap":{"0":{"start":{"line":1,"column":17},"end":{"line":1,"column":36}},"1":{"start":{"line":3,"column":20},"end":{"line":7,"column":1}},"2":{"start":{"line":5,"column":13},"end":{"line":5,"column":60}},"3":{"start":{"line":6,"column":4},"end":{"line":6,"column":26}},"4":{"start":{"line":9,"column":19},"end":{"line":16,"column":2}},"5":{"start":{"line":21,"column":0},"end":{"line":28,"column":3}},"6":{"start":{"line":22,"column":4},"end":{"line":24,"column":5}},"7":{"start":{"line":23,"column":8},"end":{"line":23,"column":104}},"8":{"start":{"line":25,"column":4},"end":{"line":27,"column":5}},"9":{"start":{"line":26,"column":8},"end":{"line":26,"column":52}},"10":{"start":{"line":31,"column":0},"end":{"line":40,"column":3}},"11":{"start":{"line":32,"column":19},"end":{"line":32,"column":35}},"12":{"start":{"line":34,"column":4},"end":{"line":36,"column":5}},"13":{"start":{"line":35,"column":8},"end":{"line":35,"column":110}},"14":{"start":{"line":37,"column":4},"end":{"line":39,"column":5}},"15":{"start":{"line":38,"column":8},"end":{"line":38,"column":56}},"16":{"start":{"line":42,"column":18},"end":{"line":42,"column":52}},"17":{"start":{"line":43,"column":0},"end":{"line":43,"column":27}}},"fnMap":{"0":{"name":"(anonymous_0)","decl":{"start":{"line":3,"column":20},"end":{"line":3,"column":21}},"loc":{"start":{"line":3,"column":36},"end":{"line":7,"column":1}},"line":3},"1":{"name":"(anonymous_1)","decl":{"start":{"line":21,"column":23},"end":{"line":21,"column":24}},"loc":{"start":{"line":21,"column":40},"end":{"line":28,"column":1}},"line":21},"2":{"name":"(anonymous_2)","decl":{"start":{"line":31,"column":35},"end":{"line":31,"column":36}},"loc":{"start":{"line":31,"column":52},"end":{"line":40,"column":1}},"line":31}},"branchMap":{"0":{"loc":{"start":{"line":22,"column":4},"end":{"line":24,"column":5}},"type":"if","locations":[{"start":{"line":22,"column":4},"end":{"line":24,"column":5}},{"start":{},"end":{}}],"line":22},"1":{"loc":{"start":{"line":25,"column":4},"end":{"line":27,"column":5}},"type":"if","locations":[{"start":{"line":25,"column":4},"end":{"line":27,"column":5}},{"start":{},"end":{}}],"line":25},"2":{"loc":{"start":{"line":34,"column":4},"end":{"line":36,"column":5}},"type":"if","locations":[{"start":{"line":34,"column":4},"end":{"line":36,"column":5}},{"start":{},"end":{}}],"line":34},"3":{"loc":{"start":{"line":37,"column":4},"end":{"line":39,"column":5}},"type":"if","locations":[{"start":{"line":37,"column":4},"end":{"line":39,"column":5}},{"start":{},"end":{}}],"line":37}},"s":{"0":1,"1":1,"2":15,"3":15,"4":1,"5":1,"6":15,"7":6,"8":15,"9":6,"10":1,"11":2,"12":2,"13":1,"14":2,"15":0,"16":1,"17":1},"f":{"0":15,"1":15,"2":2},"b":{"0":[6,9],"1":[6,9],"2":[1,1],"3":[0,2]},"_coverageSchema":"1a1c01bbd47fc00a2c39e90264f33305004495a9","hash":"8a80747b810972fc43b82fb05ede0936c994114f"}
,"/Users/ywenpiret/Documents/dev-web/MMI3/mmi-dev-avance-2026/mmi-dev-avance-2026/pokedex/src/routes/api.js": {"path":"/Users/ywenpiret/Documents/dev-web/MMI3/mmi-dev-avance-2026/mmi-dev-avance-2026/pokedex/src/routes/api.js","statementMap":{"0":{"start":{"line":1,"column":16},"end":{"line":1,"column":34}},"1":{"start":{"line":2,"column":15},"end":{"line":2,"column":31}},"2":{"start":{"line":3,"column":23},"end":{"line":3,"column":64}},"3":{"start":{"line":4,"column":14},"end":{"line":4,"column":55}},"4":{"start":{"line":7,"column":0},"end":{"line":7,"column":58}},"5":{"start":{"line":8,"column":0},"end":{"line":8,"column":51}},"6":{"start":{"line":9,"column":0},"end":{"line":9,"column":51}},"7":{"start":{"line":11,"column":0},"end":{"line":13,"column":3}},"8":{"start":{"line":12,"column":2},"end":{"line":12,"column":49}},"9":{"start":{"line":16,"column":0},"end":{"line":16,"column":58}},"10":{"start":{"line":18,"column":0},"end":{"line":18,"column":75}},"11":{"start":{"line":20,"column":0},"end":{"line":20,"column":72}},"12":{"start":{"line":22,"column":0},"end":{"line":22,"column":85}},"13":{"start":{"line":24,"column":0},"end":{"line":24,"column":92}},"14":{"start":{"line":26,"column":0},"end":{"line":26,"column":24}}},"fnMap":{"0":{"name":"(anonymous_0)","decl":{"start":{"line":11,"column":48},"end":{"line":11,"column":49}},"loc":{"start":{"line":11,"column":62},"end":{"line":13,"column":1}},"line":11}},"branchMap":{},"s":{"0":1,"1":1,"2":1,"3":1,"4":1,"5":1,"6":1,"7":1,"8":1,"9":1,"10":1,"11":1,"12":1,"13":1,"14":1},"f":{"0":1},"b":{},"_coverageSchema":"1a1c01bbd47fc00a2c39e90264f33305004495a9","hash":"179c62ef01e8c47f3c2bfa509360169b7db36199"}
,"/Users/ywenpiret/Documents/dev-web/MMI3/mmi-dev-avance-2026/mmi-dev-avance-2026/pokedex/src/routes/auth.js": {"path":"/Users/ywenpiret/Documents/dev-web/MMI3/mmi-dev-avance-2026/mmi-dev-avance-2026/pokedex/src/routes/auth.js","statementMap":{"0":{"start":{"line":1,"column":15},"end":{"line":1,"column":33}},"1":{"start":{"line":2,"column":15},"end":{"line":2,"column":31}},"2":{"start":{"line":3,"column":22},"end":{"line":3,"column":63}},"3":{"start":{"line":4,"column":14},"end":{"line":4,"column":55}},"4":{"start":{"line":6,"column":0},"end":{"line":6,"column":50}},"5":{"start":{"line":7,"column":0},"end":{"line":7,"column":44}},"6":{"start":{"line":8,"column":0},"end":{"line":8,"column":58}},"7":{"start":{"line":10,"column":0},"end":{"line":10,"column":23}}},"fnMap":{},"branchMap":{},"s":{"0":1,"1":1,"2":1,"3":1,"4":1,"5":1,"6":1,"7":1},"f":{},"b":{},"_coverageSchema":"1a1c01bbd47fc00a2c39e90264f33305004495a9","hash":"1e1fe376be9752c7102484d14df5d57ea0909e06"}
,"/Users/ywenpiret/Documents/dev-web/MMI3/mmi-dev-avance-2026/mmi-dev-avance-2026/pokedex/src/routes/trainer.js": {"path":"/Users/ywenpiret/Documents/dev-web/MMI3/mmi-dev-avance-2026/mmi-dev-avance-2026/pokedex/src/routes/trainer.js","statementMap":{"0":{"start":{"line":1,"column":16},"end":{"line":1,"column":34}},"1":{"start":{"line":2,"column":15},"end":{"line":2,"column":31}},"2":{"start":{"line":3,"column":26},"end":{"line":3,"column":70}},"3":{"start":{"line":4,"column":14},"end":{"line":4,"column":55}},"4":{"start":{"line":6,"column":0},"end":{"line":6,"column":18}},"5":{"start":{"line":8,"column":0},"end":{"line":8,"column":50}},"6":{"start":{"line":9,"column":0},"end":{"line":9,"column":46}},"7":{"start":{"line":10,"column":0},"end":{"line":10,"column":49}},"8":{"start":{"line":11,"column":0},"end":{"line":11,"column":52}},"9":{"start":{"line":13,"column":0},"end":{"line":13,"column":52}},"10":{"start":{"line":15,"column":0},"end":{"line":15,"column":24}}},"fnMap":{},"branchMap":{},"s":{"0":1,"1":1,"2":1,"3":1,"4":1,"5":1,"6":1,"7":1,"8":1,"9":1,"10":1},"f":{},"b":{},"_coverageSchema":"1a1c01bbd47fc00a2c39e90264f33305004495a9","hash":"ca8c3bf5496d87f9d0e225821878a5b2d09cef96"}
,"/Users/ywenpiret/Documents/dev-web/MMI3/mmi-dev-avance-2026/mmi-dev-avance-2026/pokedex/src/routes/user.js": {"path":"/Users/ywenpiret/Documents/dev-web/MMI3/mmi-dev-avance-2026/mmi-dev-avance-2026/pokedex/src/routes/user.js","statementMap":{"0":{"start":{"line":1,"column":16},"end":{"line":1,"column":34}},"1":{"start":{"line":2,"column":15},"end":{"line":2,"column":31}},"2":{"start":{"line":3,"column":23},"end":{"line":3,"column":64}},"3":{"start":{"line":4,"column":14},"end":{"line":4,"column":55}},"4":{"start":{"line":6,"column":0},"end":{"line":6,"column":44}},"5":{"start":{"line":7,"column":0},"end":{"line":7,"column":53}},"6":{"start":{"line":8,"column":0},"end":{"line":8,"column":49}},"7":{"start":{"line":9,"column":0},"end":{"line":9,"column":70}},"8":{"start":{"line":10,"column":0},"end":{"line":10,"column":44}},"9":{"start":{"line":12,"column":0},"end":{"line":12,"column":24}}},"fnMap":{},"branchMap":{},"s":{"0":1,"1":1,"2":1,"3":1,"4":1,"5":1,"6":1,"7":1,"8":1,"9":1},"f":{},"b":{},"_coverageSchema":"1a1c01bbd47fc00a2c39e90264f33305004495a9","hash":"568d904397db0340c8449d6619ff4f46cdffe92e"}
,"/Users/ywenpiret/Documents/dev-web/MMI3/mmi-dev-avance-2026/mmi-dev-avance-2026/pokedex/src/services/auth.service.js": {"path":"/Users/ywenpiret/Documents/dev-web/MMI3/mmi-dev-avance-2026/mmi-dev-avance-2026/pokedex/src/services/auth.service.js","statementMap":{"0":{"start":{"line":1,"column":18},"end":{"line":1,"column":50}},"1":{"start":{"line":2,"column":15},"end":{"line":2,"column":32}},"2":{"start":{"line":8,"column":24},"end":{"line":8,"column":56}},"3":{"start":{"line":11,"column":29},"end":{"line":11,"column":63}},"4":{"start":{"line":12,"column":8},"end":{"line":17,"column":11}},"5":{"start":{"line":19,"column":8},"end":{"line":19,"column":23}},"6":{"start":{"line":24,"column":8},"end":{"line":24,"column":57}},"7":{"start":{"line":29,"column":8},"end":{"line":29,"column":63}},"8":{"start":{"line":34,"column":8},"end":{"line":34,"column":63}},"9":{"start":{"line":38,"column":0},"end":{"line":38,"column":35}}},"fnMap":{"0":{"name":"(anonymous_0)","decl":{"start":{"line":7,"column":4},"end":{"line":7,"column":5}},"loc":{"start":{"line":7,"column":29},"end":{"line":20,"column":5}},"line":7},"1":{"name":"(anonymous_1)","decl":{"start":{"line":23,"column":4},"end":{"line":23,"column":5}},"loc":{"start":{"line":23,"column":32},"end":{"line":25,"column":5}},"line":23},"2":{"name":"(anonymous_2)","decl":{"start":{"line":28,"column":4},"end":{"line":28,"column":5}},"loc":{"start":{"line":28,"column":38},"end":{"line":30,"column":5}},"line":28},"3":{"name":"(anonymous_3)","decl":{"start":{"line":33,"column":4},"end":{"line":33,"column":5}},"loc":{"start":{"line":33,"column":54},"end":{"line":35,"column":5}},"line":33}},"branchMap":{},"s":{"0":1,"1":1,"2":13,"3":13,"4":13,"5":13,"6":13,"7":0,"8":13,"9":1},"f":{"0":13,"1":13,"2":0,"3":13},"b":{},"_coverageSchema":"1a1c01bbd47fc00a2c39e90264f33305004495a9","hash":"208a36bed32a444e864bac9453dd2993e7f29187"}
,"/Users/ywenpiret/Documents/dev-web/MMI3/mmi-dev-avance-2026/mmi-dev-avance-2026/pokedex/src/services/pkmn.service.js": {"path":"/Users/ywenpiret/Documents/dev-web/MMI3/mmi-dev-avance-2026/mmi-dev-avance-2026/pokedex/src/services/pkmn.service.js","statementMap":{"0":{"start":{"line":1,"column":17},"end":{"line":1,"column":46}},"1":{"start":{"line":2,"column":18},"end":{"line":2,"column":52}},"2":{"start":{"line":6,"column":8},"end":{"line":6,"column":29}},"3":{"start":{"line":10,"column":8},"end":{"line":10,"column":38}},"4":{"start":{"line":14,"column":8},"end":{"line":23,"column":9}},"5":{"start":{"line":15,"column":12},"end":{"line":17,"column":13}},"6":{"start":{"line":16,"column":16},"end":{"line":16,"column":52}},"7":{"start":{"line":18,"column":12},"end":{"line":20,"column":13}},"8":{"start":{"line":19,"column":16},"end":{"line":19,"column":87}},"9":{"start":{"line":22,"column":12},"end":{"line":22,"column":24}},"10":{"start":{"line":24,"column":8},"end":{"line":24,"column":20}},"11":{"start":{"line":28,"column":22},"end":{"line":28,"column":24}},"12":{"start":{"line":30,"column":8},"end":{"line":32,"column":9}},"13":{"start":{"line":31,"column":12},"end":{"line":31,"column":64}},"14":{"start":{"line":34,"column":29},"end":{"line":34,"column":31}},"15":{"start":{"line":35,"column":8},"end":{"line":35,"column":62}},"16":{"start":{"line":35,"column":21},"end":{"line":35,"column":62}},"17":{"start":{"line":36,"column":8},"end":{"line":36,"column":62}},"18":{"start":{"line":36,"column":21},"end":{"line":36,"column":62}},"19":{"start":{"line":38,"column":8},"end":{"line":40,"column":9}},"20":{"start":{"line":39,"column":12},"end":{"line":39,"column":49}},"21":{"start":{"line":42,"column":22},"end":{"line":42,"column":43}},"22":{"start":{"line":44,"column":8},"end":{"line":50,"column":9}},"23":{"start":{"line":45,"column":26},"end":{"line":45,"column":44}},"24":{"start":{"line":46,"column":25},"end":{"line":46,"column":57}},"25":{"start":{"line":47,"column":12},"end":{"line":47,"column":54}},"26":{"start":{"line":48,"column":15},"end":{"line":50,"column":9}},"27":{"start":{"line":49,"column":12},"end":{"line":49,"column":56}},"28":{"start":{"line":52,"column":21},"end":{"line":52,"column":41}},"29":{"start":{"line":53,"column":22},"end":{"line":53,"column":59}},"30":{"start":{"line":55,"column":8},"end":{"line":55,"column":31}},"31":{"start":{"line":59,"column":32},"end":{"line":59,"column":83}},"32":{"start":{"line":60,"column":8},"end":{"line":62,"column":9}},"33":{"start":{"line":61,"column":12},"end":{"line":61,"column":66}},"34":{"start":{"line":63,"column":8},"end":{"line":63,"column":51}},"35":{"start":{"line":67,"column":8},"end":{"line":71,"column":9}},"36":{"start":{"line":68,"column":12},"end":{"line":68,"column":57}},"37":{"start":{"line":70,"column":12},"end":{"line":70,"column":24}},"38":{"start":{"line":75,"column":8},"end":{"line":79,"column":9}},"39":{"start":{"line":76,"column":12},"end":{"line":76,"column":105}},"40":{"start":{"line":78,"column":12},"end":{"line":78,"column":24}},"41":{"start":{"line":83,"column":24},"end":{"line":83,"column":59}},"42":{"start":{"line":84,"column":8},"end":{"line":86,"column":9}},"43":{"start":{"line":85,"column":12},"end":{"line":85,"column":50}},"44":{"start":{"line":87,"column":36},"end":{"line":89,"column":9}},"45":{"start":{"line":88,"column":17},"end":{"line":88,"column":44}},"46":{"start":{"line":91,"column":8},"end":{"line":98,"column":9}},"47":{"start":{"line":92,"column":12},"end":{"line":92,"column":91}},"48":{"start":{"line":94,"column":12},"end":{"line":97,"column":15}},"49":{"start":{"line":100,"column":8},"end":{"line":100,"column":36}},"50":{"start":{"line":104,"column":24},"end":{"line":104,"column":59}},"51":{"start":{"line":105,"column":8},"end":{"line":107,"column":9}},"52":{"start":{"line":106,"column":12},"end":{"line":106,"column":24}},"53":{"start":{"line":109,"column":33},"end":{"line":111,"column":9}},"54":{"start":{"line":110,"column":17},"end":{"line":110,"column":72}},"55":{"start":{"line":113,"column":8},"end":{"line":115,"column":9}},"56":{"start":{"line":114,"column":12},"end":{"line":114,"column":27}},"57":{"start":{"line":117,"column":8},"end":{"line":117,"column":52}},"58":{"start":{"line":119,"column":8},"end":{"line":119,"column":36}},"59":{"start":{"line":123,"column":0},"end":{"line":125,"column":2}}},"fnMap":{"0":{"name":"(anonymous_0)","decl":{"start":{"line":5,"column":4},"end":{"line":5,"column":5}},"loc":{"start":{"line":5,"column":15},"end":{"line":7,"column":5}},"line":5},"1":{"name":"(anonymous_1)","decl":{"start":{"line":9,"column":4},"end":{"line":9,"column":5}},"loc":{"start":{"line":9,"column":27},"end":{"line":11,"column":5}},"line":9},"2":{"name":"(anonymous_2)","decl":{"start":{"line":13,"column":4},"end":{"line":13,"column":5}},"loc":{"start":{"line":13,"column":31},"end":{"line":25,"column":5}},"line":13},"3":{"name":"(anonymous_3)","decl":{"start":{"line":27,"column":4},"end":{"line":27,"column":5}},"loc":{"start":{"line":27,"column":72},"end":{"line":56,"column":5}},"line":27},"4":{"name":"(anonymous_4)","decl":{"start":{"line":58,"column":4},"end":{"line":58,"column":5}},"loc":{"start":{"line":58,"column":37},"end":{"line":64,"column":5}},"line":58},"5":{"name":"(anonymous_5)","decl":{"start":{"line":66,"column":4},"end":{"line":66,"column":5}},"loc":{"start":{"line":66,"column":28},"end":{"line":72,"column":5}},"line":66},"6":{"name":"(anonymous_6)","decl":{"start":{"line":74,"column":4},"end":{"line":74,"column":5}},"loc":{"start":{"line":74,"column":40},"end":{"line":80,"column":5}},"line":74},"7":{"name":"(anonymous_7)","decl":{"start":{"line":82,"column":4},"end":{"line":82,"column":5}},"loc":{"start":{"line":82,"column":73},"end":{"line":101,"column":5}},"line":82},"8":{"name":"(anonymous_8)","decl":{"start":{"line":88,"column":12},"end":{"line":88,"column":13}},"loc":{"start":{"line":88,"column":17},"end":{"line":88,"column":44}},"line":88},"9":{"name":"(anonymous_9)","decl":{"start":{"line":103,"column":4},"end":{"line":103,"column":5}},"loc":{"start":{"line":103,"column":57},"end":{"line":120,"column":5}},"line":103},"10":{"name":"(anonymous_10)","decl":{"start":{"line":110,"column":12},"end":{"line":110,"column":13}},"loc":{"start":{"line":110,"column":17},"end":{"line":110,"column":72}},"line":110}},"branchMap":{"0":{"loc":{"start":{"line":15,"column":12},"end":{"line":17,"column":13}},"type":"if","locations":[{"start":{"line":15,"column":12},"end":{"line":17,"column":13}},{"start":{},"end":{}}],"line":15},"1":{"loc":{"start":{"line":18,"column":12},"end":{"line":20,"column":13}},"type":"if","locations":[{"start":{"line":18,"column":12},"end":{"line":20,"column":13}},{"start":{},"end":{}}],"line":18},"2":{"loc":{"start":{"line":30,"column":8},"end":{"line":32,"column":9}},"type":"if","locations":[{"start":{"line":30,"column":8},"end":{"line":32,"column":9}},{"start":{},"end":{}}],"line":30},"3":{"loc":{"start":{"line":35,"column":8},"end":{"line":35,"column":62}},"type":"if","locations":[{"start":{"line":35,"column":8},"end":{"line":35,"column":62}},{"start":{},"end":{}}],"line":35},"4":{"loc":{"start":{"line":36,"column":8},"end":{"line":36,"column":62}},"type":"if","locations":[{"start":{"line":36,"column":8},"end":{"line":36,"column":62}},{"start":{},"end":{}}],"line":36},"5":{"loc":{"start":{"line":38,"column":8},"end":{"line":40,"column":9}},"type":"if","locations":[{"start":{"line":38,"column":8},"end":{"line":40,"column":9}},{"start":{},"end":{}}],"line":38},"6":{"loc":{"start":{"line":44,"column":8},"end":{"line":50,"column":9}},"type":"if","locations":[{"start":{"line":44,"column":8},"end":{"line":50,"column":9}},{"start":{"line":48,"column":15},"end":{"line":50,"column":9}}],"line":44},"7":{"loc":{"start":{"line":44,"column":12},"end":{"line":44,"column":24}},"type":"binary-expr","locations":[{"start":{"line":44,"column":12},"end":{"line":44,"column":16}},{"start":{"line":44,"column":20},"end":{"line":44,"column":24}}],"line":44},"8":{"loc":{"start":{"line":48,"column":15},"end":{"line":50,"column":9}},"type":"if","locations":[{"start":{"line":48,"column":15},"end":{"line":50,"column":9}},{"start":{},"end":{}}],"line":48},"9":{"loc":{"start":{"line":60,"column":8},"end":{"line":62,"column":9}},"type":"if","locations":[{"start":{"line":60,"column":8},"end":{"line":62,"column":9}},{"start":{},"end":{}}],"line":60},"10":{"loc":{"start":{"line":84,"column":8},"end":{"line":86,"column":9}},"type":"if","locations":[{"start":{"line":84,"column":8},"end":{"line":86,"column":9}},{"start":{},"end":{}}],"line":84},"11":{"loc":{"start":{"line":91,"column":8},"end":{"line":98,"column":9}},"type":"if","locations":[{"start":{"line":91,"column":8},"end":{"line":98,"column":9}},{"start":{"line":93,"column":15},"end":{"line":98,"column":9}}],"line":91},"12":{"loc":{"start":{"line":105,"column":8},"end":{"line":107,"column":9}},"type":"if","locations":[{"start":{"line":105,"column":8},"end":{"line":107,"column":9}},{"start":{},"end":{}}],"line":105},"13":{"loc":{"start":{"line":113,"column":8},"end":{"line":115,"column":9}},"type":"if","locations":[{"start":{"line":113,"column":8},"end":{"line":115,"column":9}},{"start":{},"end":{}}],"line":113}},"s":{"0":1,"1":1,"2":1,"3":2,"4":1,"5":1,"6":1,"7":0,"8":0,"9":0,"10":0,"11":2,"12":2,"13":1,"14":2,"15":2,"16":1,"17":2,"18":0,"19":2,"20":1,"21":2,"22":2,"23":0,"24":0,"25":0,"26":2,"27":0,"28":2,"29":2,"30":2,"31":4,"32":4,"33":0,"34":4,"35":1,"36":1,"37":0,"38":0,"39":0,"40":0,"41":0,"42":0,"43":0,"44":0,"45":0,"46":0,"47":0,"48":0,"49":0,"50":1,"51":1,"52":0,"53":1,"54":1,"55":1,"56":0,"57":1,"58":1,"59":1},"f":{"0":1,"1":2,"2":1,"3":2,"4":4,"5":1,"6":0,"7":0,"8":0,"9":1,"10":1},"b":{"0":[1,0],"1":[0,0],"2":[1,1],"3":[1,1],"4":[0,2],"5":[1,1],"6":[0,2],"7":[2,0],"8":[0,2],"9":[0,4],"10":[0,0],"11":[0,0],"12":[0,1],"13":[0,1]},"_coverageSchema":"1a1c01bbd47fc00a2c39e90264f33305004495a9","hash":"6045fb770574df30c0ae7f215912be15c92e8862"}
,"/Users/ywenpiret/Documents/dev-web/MMI3/mmi-dev-avance-2026/mmi-dev-avance-2026/pokedex/src/services/trainer.service.js": {"path":"/Users/ywenpiret/Documents/dev-web/MMI3/mmi-dev-avance-2026/mmi-dev-avance-2026/pokedex/src/services/trainer.service.js","statementMap":{"0":{"start":{"line":1,"column":21},"end":{"line":1,"column":55}},"1":{"start":{"line":2,"column":18},"end":{"line":2,"column":50}},"2":{"start":{"line":6,"column":21},"end":{"line":6,"column":53}},"3":{"start":{"line":7,"column":8},"end":{"line":9,"column":9}},"4":{"start":{"line":8,"column":12},"end":{"line":8,"column":54}},"5":{"start":{"line":10,"column":8},"end":{"line":10,"column":29}},"6":{"start":{"line":14,"column":25},"end":{"line":14,"column":63}},"7":{"start":{"line":16,"column":32},"end":{"line":16,"column":72}},"8":{"start":{"line":17,"column":8},"end":{"line":19,"column":9}},"9":{"start":{"line":18,"column":12},"end":{"line":18,"column":73}},"10":{"start":{"line":21,"column":31},"end":{"line":24,"column":9}},"11":{"start":{"line":26,"column":8},"end":{"line":26,"column":57}},"12":{"start":{"line":30,"column":25},"end":{"line":30,"column":63}},"13":{"start":{"line":31,"column":8},"end":{"line":33,"column":35}},"14":{"start":{"line":37,"column":25},"end":{"line":37,"column":63}},"15":{"start":{"line":39,"column":8},"end":{"line":41,"column":9}},"16":{"start":{"line":40,"column":12},"end":{"line":40,"column":39}},"17":{"start":{"line":43,"column":8},"end":{"line":47,"column":53}},"18":{"start":{"line":51,"column":25},"end":{"line":51,"column":63}},"19":{"start":{"line":52,"column":8},"end":{"line":52,"column":65}},"20":{"start":{"line":56,"column":25},"end":{"line":56,"column":63}},"21":{"start":{"line":58,"column":24},"end":{"line":58,"column":64}},"22":{"start":{"line":59,"column":8},"end":{"line":61,"column":9}},"23":{"start":{"line":60,"column":12},"end":{"line":60,"column":74}},"24":{"start":{"line":63,"column":26},"end":{"line":63,"column":60}},"25":{"start":{"line":64,"column":30},"end":{"line":64,"column":65}},"26":{"start":{"line":65,"column":8},"end":{"line":67,"column":9}},"27":{"start":{"line":66,"column":12},"end":{"line":66,"column":63}},"28":{"start":{"line":69,"column":8},"end":{"line":69,"column":41}},"29":{"start":{"line":70,"column":8},"end":{"line":70,"column":42}},"30":{"start":{"line":72,"column":8},"end":{"line":76,"column":9}},"31":{"start":{"line":73,"column":12},"end":{"line":73,"column":46}},"32":{"start":{"line":75,"column":12},"end":{"line":75,"column":45}},"33":{"start":{"line":78,"column":8},"end":{"line":78,"column":36}},"34":{"start":{"line":82,"column":0},"end":{"line":84,"column":2}}},"fnMap":{"0":{"name":"(anonymous_0)","decl":{"start":{"line":5,"column":4},"end":{"line":5,"column":5}},"loc":{"start":{"line":5,"column":38},"end":{"line":11,"column":5}},"line":5},"1":{"name":"(anonymous_1)","decl":{"start":{"line":13,"column":4},"end":{"line":13,"column":5}},"loc":{"start":{"line":13,"column":45},"end":{"line":27,"column":5}},"line":13},"2":{"name":"(anonymous_2)","decl":{"start":{"line":29,"column":4},"end":{"line":29,"column":5}},"loc":{"start":{"line":29,"column":29},"end":{"line":34,"column":5}},"line":29},"3":{"name":"(anonymous_3)","decl":{"start":{"line":36,"column":4},"end":{"line":36,"column":5}},"loc":{"start":{"line":36,"column":44},"end":{"line":48,"column":5}},"line":36},"4":{"name":"(anonymous_4)","decl":{"start":{"line":50,"column":4},"end":{"line":50,"column":5}},"loc":{"start":{"line":50,"column":32},"end":{"line":53,"column":5}},"line":50},"5":{"name":"(anonymous_5)","decl":{"start":{"line":55,"column":4},"end":{"line":55,"column":5}},"loc":{"start":{"line":55,"column":53},"end":{"line":79,"column":5}},"line":55}},"branchMap":{"0":{"loc":{"start":{"line":7,"column":8},"end":{"line":9,"column":9}},"type":"if","locations":[{"start":{"line":7,"column":8},"end":{"line":9,"column":9}},{"start":{},"end":{}}],"line":7},"1":{"loc":{"start":{"line":17,"column":8},"end":{"line":19,"column":9}},"type":"if","locations":[{"start":{"line":17,"column":8},"end":{"line":19,"column":9}},{"start":{},"end":{}}],"line":17},"2":{"loc":{"start":{"line":39,"column":8},"end":{"line":41,"column":9}},"type":"if","locations":[{"start":{"line":39,"column":8},"end":{"line":41,"column":9}},{"start":{},"end":{}}],"line":39},"3":{"loc":{"start":{"line":59,"column":8},"end":{"line":61,"column":9}},"type":"if","locations":[{"start":{"line":59,"column":8},"end":{"line":61,"column":9}},{"start":{},"end":{}}],"line":59},"4":{"loc":{"start":{"line":65,"column":8},"end":{"line":67,"column":9}},"type":"if","locations":[{"start":{"line":65,"column":8},"end":{"line":67,"column":9}},{"start":{},"end":{}}],"line":65},"5":{"loc":{"start":{"line":72,"column":8},"end":{"line":76,"column":9}},"type":"if","locations":[{"start":{"line":72,"column":8},"end":{"line":76,"column":9}},{"start":{"line":74,"column":15},"end":{"line":76,"column":9}}],"line":72}},"s":{"0":1,"1":1,"2":10,"3":10,"4":0,"5":10,"6":2,"7":2,"8":2,"9":1,"10":1,"11":1,"12":3,"13":3,"14":1,"15":1,"16":0,"17":1,"18":1,"19":1,"20":3,"21":3,"22":3,"23":0,"24":3,"25":3,"26":3,"27":1,"28":2,"29":2,"30":2,"31":1,"32":1,"33":2,"34":1},"f":{"0":10,"1":2,"2":3,"3":1,"4":1,"5":3},"b":{"0":[0,10],"1":[1,1],"2":[0,1],"3":[0,3],"4":[1,2],"5":[1,1]},"_coverageSchema":"1a1c01bbd47fc00a2c39e90264f33305004495a9","hash":"d8faaef2488b60e89f0f467eeed7ddfec205ae95"}
,"/Users/ywenpiret/Documents/dev-web/MMI3/mmi-dev-avance-2026/mmi-dev-avance-2026/pokedex/src/services/user.service.js": {"path":"/Users/ywenpiret/Documents/dev-web/MMI3/mmi-dev-avance-2026/mmi-dev-avance-2026/pokedex/src/services/user.service.js","statementMap":{"0":{"start":{"line":1,"column":18},"end":{"line":1,"column":50}},"1":{"start":{"line":7,"column":8},"end":{"line":7,"column":48}},"2":{"start":{"line":12,"column":8},"end":{"line":12,"column":44}},"3":{"start":{"line":17,"column":8},"end":{"line":17,"column":57}},"4":{"start":{"line":22,"column":32},"end":{"line":22,"column":67}},"5":{"start":{"line":24,"column":8},"end":{"line":28,"column":9}},"6":{"start":{"line":25,"column":12},"end":{"line":25,"column":53}},"7":{"start":{"line":27,"column":12},"end":{"line":27,"column":56}},"8":{"start":{"line":33,"column":8},"end":{"line":37,"column":10}},"9":{"start":{"line":42,"column":8},"end":{"line":42,"column":53}},"10":{"start":{"line":47,"column":8},"end":{"line":47,"column":38}},"11":{"start":{"line":51,"column":0},"end":{"line":51,"column":35}}},"fnMap":{"0":{"name":"(anonymous_0)","decl":{"start":{"line":6,"column":4},"end":{"line":6,"column":5}},"loc":{"start":{"line":6,"column":31},"end":{"line":8,"column":5}},"line":6},"1":{"name":"(anonymous_1)","decl":{"start":{"line":11,"column":4},"end":{"line":11,"column":5}},"loc":{"start":{"line":11,"column":26},"end":{"line":13,"column":5}},"line":11},"2":{"name":"(anonymous_2)","decl":{"start":{"line":16,"column":4},"end":{"line":16,"column":5}},"loc":{"start":{"line":16,"column":32},"end":{"line":18,"column":5}},"line":16},"3":{"name":"(anonymous_3)","decl":{"start":{"line":21,"column":4},"end":{"line":21,"column":5}},"loc":{"start":{"line":21,"column":40},"end":{"line":29,"column":5}},"line":21},"4":{"name":"(anonymous_4)","decl":{"start":{"line":32,"column":4},"end":{"line":32,"column":5}},"loc":{"start":{"line":32,"column":39},"end":{"line":38,"column":5}},"line":32},"5":{"name":"(anonymous_5)","decl":{"start":{"line":41,"column":4},"end":{"line":41,"column":5}},"loc":{"start":{"line":41,"column":29},"end":{"line":43,"column":5}},"line":41},"6":{"name":"(anonymous_6)","decl":{"start":{"line":46,"column":4},"end":{"line":46,"column":5}},"loc":{"start":{"line":46,"column":24},"end":{"line":48,"column":5}},"line":46}},"branchMap":{"0":{"loc":{"start":{"line":24,"column":8},"end":{"line":28,"column":9}},"type":"if","locations":[{"start":{"line":24,"column":8},"end":{"line":28,"column":9}},{"start":{"line":26,"column":15},"end":{"line":28,"column":9}}],"line":24}},"s":{"0":1,"1":2,"2":3,"3":0,"4":3,"5":3,"6":3,"7":0,"8":1,"9":2,"10":1,"11":1},"f":{"0":2,"1":3,"2":0,"3":3,"4":1,"5":2,"6":1},"b":{"0":[3,0]},"_coverageSchema":"1a1c01bbd47fc00a2c39e90264f33305004495a9","hash":"7a3b7b68469cb5845fbb5b580df03c0e890ec954"}
}
