{"/Users/ywenpiret/Documents/dev-web/MMI3/mmi-dev-avance-2026/mmi-dev-avance-2026/pokedex/app.js": {"path":"/Users/ywenpiret/Documents/dev-web/MMI3/mmi-dev-avance-2026/mmi-dev-avance-2026/pokedex/app.js","statementMap":{"0":{"start":{"line":1,"column":0},"end":{"line":1,"column":27}},"1":{"start":{"line":2,"column":16},"end":{"line":2,"column":34}},"2":{"start":{"line":3,"column":12},"end":{"line":3,"column":21}},"3":{"start":{"line":6,"column":0},"end":{"line":6,"column":46}},"4":{"start":{"line":7,"column":0},"end":{"line":7,"column":24}},"5":{"start":{"line":10,"column":16},"end":{"line":10,"column":35}},"6":{"start":{"line":12,"column":0},"end":{"line":14,"column":33}},"7":{"start":{"line":13,"column":11},"end":{"line":13,"column":55}},"8":{"start":{"line":14,"column":15},"end":{"line":14,"column":31}},"9":{"start":{"line":17,"column":18},"end":{"line":17,"column":45}},"10":{"start":{"line":18,"column":0},"end":{"line":18,"column":27}},"11":{"start":{"line":20,"column":19},"end":{"line":20,"column":47}},"12":{"start":{"line":21,"column":0},"end":{"line":21,"column":29}},"13":{"start":{"line":23,"column":19},"end":{"line":23,"column":47}},"14":{"start":{"line":24,"column":0},"end":{"line":24,"column":28}},"15":{"start":{"line":27,"column":0},"end":{"line":27,"column":21}}},"fnMap":{"0":{"name":"(anonymous_0)","decl":{"start":{"line":13,"column":6},"end":{"line":13,"column":7}},"loc":{"start":{"line":13,"column":11},"end":{"line":13,"column":55}},"line":13},"1":{"name":"(anonymous_1)","decl":{"start":{"line":14,"column":7},"end":{"line":14,"column":8}},"loc":{"start":{"line":14,"column":15},"end":{"line":14,"column":31}},"line":14}},"branchMap":{},"s":{"0":1,"1":1,"2":1,"3":1,"4":1,"5":1,"6":1,"7":1,"8":0,"9":1,"10":1,"11":1,"12":1,"13":1,"14":1,"15":1},"f":{"0":1,"1":0},"b":{},"_coverageSchema":"1a1c01bbd47fc00a2c39e90264f33305004495a9","hash":"cbfcc53cd34c12a8732537135831a5c42c2e8600"}
,"/Users/ywenpiret/Documents/dev-web/MMI3/mmi-dev-avance-2026/mmi-dev-avance-2026/pokedex/src/controllers/auth.controller.js": {"path":"/Users/ywenpiret/Documents/dev-web/MMI3/mmi-dev-avance-2026/mmi-dev-avance-2026/pokedex/src/controllers/auth.controller.js","statementMap":{"0":{"start":{"line":1,"column":20},"end":{"line":1,"column":55}},"1":{"start":{"line":2,"column":15},"end":{"line":2,"column":32}},"2":{"start":{"line":3,"column":12},"end":{"line":3,"column":35}},"3":{"start":{"line":6,"column":0},"end":{"line":23,"column":2}},"4":{"start":{"line":8,"column":19},"end":{"line":8,"column":44}},"5":{"start":{"line":9,"column":4},"end":{"line":22,"column":5}},"6":{"start":{"line":12,"column":8},"end":{"line":12,"column":29}},"7":{"start":{"line":14,"column":19},"end":{"line":14,"column":59}},"8":{"start":{"line":15,"column":8},"end":{"line":15,"column":33}},"9":{"start":{"line":16,"column":8},"end":{"line":16,"column":44}},"10":{"start":{"line":17,"column":8},"end":{"line":17,"column":52}},"11":{"start":{"line":18,"column":8},"end":{"line":18,"column":74}},"12":{"start":{"line":20,"column":8},"end":{"line":20,"column":36}},"13":{"start":{"line":21,"column":8},"end":{"line":21,"column":34}},"14":{"start":{"line":25,"column":0},"end":{"line":68,"column":2}},"15":{"start":{"line":26,"column":4},"end":{"line":67,"column":5}},"16":{"start":{"line":29,"column":27},"end":{"line":29,"column":62}},"17":{"start":{"line":31,"column":8},"end":{"line":33,"column":9}},"18":{"start":{"line":32,"column":12},"end":{"line":32,"column":81}},"19":{"start":{"line":36,"column":8},"end":{"line":40,"column":9}},"20":{"start":{"line":37,"column":12},"end":{"line":37,"column":64}},"21":{"start":{"line":39,"column":12},"end":{"line":39,"column":67}},"22":{"start":{"line":42,"column":8},"end":{"line":44,"column":9}},"23":{"start":{"line":43,"column":12},"end":{"line":43,"column":79}},"24":{"start":{"line":46,"column":32},"end":{"line":46,"column":100}},"25":{"start":{"line":47,"column":8},"end":{"line":49,"column":9}},"26":{"start":{"line":48,"column":12},"end":{"line":48,"column":79}},"27":{"start":{"line":51,"column":22},"end":{"line":55,"column":9}},"28":{"start":{"line":56,"column":8},"end":{"line":63,"column":11}},"29":{"start":{"line":65,"column":8},"end":{"line":65,"column":36}},"30":{"start":{"line":66,"column":8},"end":{"line":66,"column":34}},"31":{"start":{"line":70,"column":0},"end":{"line":72,"column":2}},"32":{"start":{"line":71,"column":4},"end":{"line":71,"column":27}}},"fnMap":{"0":{"name":"(anonymous_0)","decl":{"start":{"line":6,"column":19},"end":{"line":6,"column":20}},"loc":{"start":{"line":6,"column":39},"end":{"line":23,"column":1}},"line":6},"1":{"name":"(anonymous_1)","decl":{"start":{"line":25,"column":16},"end":{"line":25,"column":17}},"loc":{"start":{"line":25,"column":36},"end":{"line":68,"column":1}},"line":25},"2":{"name":"(anonymous_2)","decl":{"start":{"line":70,"column":20},"end":{"line":70,"column":21}},"loc":{"start":{"line":70,"column":40},"end":{"line":72,"column":1}},"line":70}},"branchMap":{"0":{"loc":{"start":{"line":29,"column":27},"end":{"line":29,"column":62}},"type":"binary-expr","locations":[{"start":{"line":29,"column":27},"end":{"line":29,"column":41}},{"start":{"line":29,"column":45},"end":{"line":29,"column":62}}],"line":29},"1":{"loc":{"start":{"line":31,"column":8},"end":{"line":33,"column":9}},"type":"if","locations":[{"start":{"line":31,"column":8},"end":{"line":33,"column":9}},{"start":{},"end":{}}],"line":31},"2":{"loc":{"start":{"line":36,"column":8},"end":{"line":40,"column":9}},"type":"if","locations":[{"start":{"line":36,"column":8},"end":{"line":40,"column":9}},{"start":{"line":38,"column":15},"end":{"line":40,"column":9}}],"line":36},"3":{"loc":{"start":{"line":42,"column":8},"end":{"line":44,"column":9}},"type":"if","locations":[{"start":{"line":42,"column":8},"end":{"line":44,"column":9}},{"start":{},"end":{}}],"line":42},"4":{"loc":{"start":{"line":47,"column":8},"end":{"line":49,"column":9}},"type":"if","locations":[{"start":{"line":47,"column":8},"end":{"line":49,"column":9}},{"start":{},"end":{}}],"line":47}},"s":{"0":1,"1":1,"2":1,"3":1,"4":0,"5":0,"6":0,"7":0,"8":0,"9":0,"10":0,"11":0,"12":0,"13":0,"14":1,"15":0,"16":0,"17":0,"18":0,"19":0,"20":0,"21":0,"22":0,"23":0,"24":0,"25":0,"26":0,"27":0,"28":0,"29":0,"30":0,"31":1,"32":0},"f":{"0":0,"1":0,"2":0},"b":{"0":[0,0],"1":[0,0],"2":[0,0],"3":[0,0],"4":[0,0]},"_coverageSchema":"1a1c01bbd47fc00a2c39e90264f33305004495a9","hash":"5c45ddd7da1ff1db480da5fecf8d8a34ab8581d7"}
,"/Users/ywenpiret/Documents/dev-web/MMI3/mmi-dev-avance-2026/mmi-dev-avance-2026/pokedex/src/controllers/pkmn.controller.js": {"path":"/Users/ywenpiret/Documents/dev-web/MMI3/mmi-dev-avance-2026/mmi-dev-avance-2026/pokedex/src/controllers/pkmn.controller.js","statementMap":{"0":{"start":{"line":1,"column":24},"end":{"line":1,"column":59}},"1":{"start":{"line":3,"column":17},"end":{"line":17,"column":1}},"2":{"start":{"line":4,"column":4},"end":{"line":16,"column":5}},"3":{"start":{"line":5,"column":22},"end":{"line":5,"column":44}},"4":{"start":{"line":6,"column":8},"end":{"line":9,"column":11}},"5":{"start":{"line":11,"column":8},"end":{"line":15,"column":11}},"6":{"start":{"line":19,"column":23},"end":{"line":33,"column":1}},"7":{"start":{"line":20,"column":4},"end":{"line":32,"column":5}},"8":{"start":{"line":21,"column":32},"end":{"line":21,"column":75}},"9":{"start":{"line":22,"column":8},"end":{"line":25,"column":11}},"10":{"start":{"line":27,"column":8},"end":{"line":31,"column":11}},"11":{"start":{"line":35,"column":23},"end":{"line":66,"column":1}},"12":{"start":{"line":36,"column":4},"end":{"line":65,"column":5}},"13":{"start":{"line":37,"column":29},"end":{"line":37,"column":38}},"14":{"start":{"line":40,"column":8},"end":{"line":51,"column":9}},"15":{"start":{"line":41,"column":28},"end":{"line":41,"column":66}},"16":{"start":{"line":42,"column":12},"end":{"line":47,"column":13}},"17":{"start":{"line":43,"column":16},"end":{"line":46,"column":19}},"18":{"start":{"line":48,"column":12},"end":{"line":50,"column":15}},"19":{"start":{"line":54,"column":25},"end":{"line":54,"column":59}},"20":{"start":{"line":55,"column":8},"end":{"line":58,"column":11}},"21":{"start":{"line":60,"column":8},"end":{"line":64,"column":11}},"22":{"start":{"line":68,"column":22},"end":{"line":82,"column":1}},"23":{"start":{"line":69,"column":4},"end":{"line":81,"column":5}},"24":{"start":{"line":70,"column":24},"end":{"line":70,"column":65}},"25":{"start":{"line":71,"column":8},"end":{"line":74,"column":11}},"26":{"start":{"line":76,"column":8},"end":{"line":80,"column":11}},"27":{"start":{"line":84,"column":22},"end":{"line":110,"column":1}},"28":{"start":{"line":85,"column":4},"end":{"line":109,"column":5}},"29":{"start":{"line":86,"column":23},"end":{"line":86,"column":32}},"30":{"start":{"line":87,"column":8},"end":{"line":92,"column":9}},"31":{"start":{"line":88,"column":12},"end":{"line":91,"column":15}},"32":{"start":{"line":94,"column":31},"end":{"line":94,"column":66}},"33":{"start":{"line":95,"column":8},"end":{"line":100,"column":9}},"34":{"start":{"line":96,"column":12},"end":{"line":99,"column":15}},"35":{"start":{"line":102,"column":8},"end":{"line":102,"column":31}},"36":{"start":{"line":104,"column":8},"end":{"line":108,"column":11}},"37":{"start":{"line":112,"column":22},"end":{"line":141,"column":1}},"38":{"start":{"line":113,"column":4},"end":{"line":140,"column":5}},"39":{"start":{"line":114,"column":23},"end":{"line":114,"column":32}},"40":{"start":{"line":115,"column":8},"end":{"line":120,"column":9}},"41":{"start":{"line":116,"column":12},"end":{"line":119,"column":15}},"42":{"start":{"line":122,"column":31},"end":{"line":122,"column":76}},"43":{"start":{"line":123,"column":8},"end":{"line":128,"column":9}},"44":{"start":{"line":124,"column":12},"end":{"line":127,"column":15}},"45":{"start":{"line":130,"column":8},"end":{"line":133,"column":11}},"46":{"start":{"line":135,"column":8},"end":{"line":139,"column":11}},"47":{"start":{"line":143,"column":27},"end":{"line":172,"column":1}},"48":{"start":{"line":144,"column":4},"end":{"line":171,"column":5}},"49":{"start":{"line":145,"column":63},"end":{"line":145,"column":71}},"50":{"start":{"line":148,"column":8},"end":{"line":153,"column":9}},"51":{"start":{"line":149,"column":12},"end":{"line":152,"column":15}},"52":{"start":{"line":155,"column":24},"end":{"line":159,"column":9}},"53":{"start":{"line":161,"column":8},"end":{"line":164,"column":11}},"54":{"start":{"line":166,"column":8},"end":{"line":170,"column":11}},"55":{"start":{"line":174,"column":32},"end":{"line":202,"column":1}},"56":{"start":{"line":175,"column":4},"end":{"line":201,"column":5}},"57":{"start":{"line":176,"column":39},"end":{"line":176,"column":48}},"58":{"start":{"line":179,"column":8},"end":{"line":184,"column":9}},"59":{"start":{"line":180,"column":12},"end":{"line":183,"column":15}},"60":{"start":{"line":186,"column":24},"end":{"line":186,"column":85}},"61":{"start":{"line":187,"column":8},"end":{"line":192,"column":9}},"62":{"start":{"line":188,"column":12},"end":{"line":191,"column":15}},"63":{"start":{"line":194,"column":8},"end":{"line":194,"column":31}},"64":{"start":{"line":196,"column":8},"end":{"line":200,"column":11}},"65":{"start":{"line":204,"column":0},"end":{"line":213,"column":2}}},"fnMap":{"0":{"name":"(anonymous_0)","decl":{"start":{"line":3,"column":17},"end":{"line":3,"column":18}},"loc":{"start":{"line":3,"column":31},"end":{"line":17,"column":1}},"line":3},"1":{"name":"(anonymous_1)","decl":{"start":{"line":19,"column":23},"end":{"line":19,"column":24}},"loc":{"start":{"line":19,"column":43},"end":{"line":33,"column":1}},"line":19},"2":{"name":"(anonymous_2)","decl":{"start":{"line":35,"column":23},"end":{"line":35,"column":24}},"loc":{"start":{"line":35,"column":43},"end":{"line":66,"column":1}},"line":35},"3":{"name":"(anonymous_3)","decl":{"start":{"line":68,"column":22},"end":{"line":68,"column":23}},"loc":{"start":{"line":68,"column":42},"end":{"line":82,"column":1}},"line":68},"4":{"name":"(anonymous_4)","decl":{"start":{"line":84,"column":22},"end":{"line":84,"column":23}},"loc":{"start":{"line":84,"column":42},"end":{"line":110,"column":1}},"line":84},"5":{"name":"(anonymous_5)","decl":{"start":{"line":112,"column":22},"end":{"line":112,"column":23}},"loc":{"start":{"line":112,"column":42},"end":{"line":141,"column":1}},"line":112},"6":{"name":"(anonymous_6)","decl":{"start":{"line":143,"column":27},"end":{"line":143,"column":28}},"loc":{"start":{"line":143,"column":47},"end":{"line":172,"column":1}},"line":143},"7":{"name":"(anonymous_7)","decl":{"start":{"line":174,"column":32},"end":{"line":174,"column":33}},"loc":{"start":{"line":174,"column":52},"end":{"line":202,"column":1}},"line":174}},"branchMap":{"0":{"loc":{"start":{"line":40,"column":8},"end":{"line":51,"column":9}},"type":"if","locations":[{"start":{"line":40,"column":8},"end":{"line":51,"column":9}},{"start":{},"end":{}}],"line":40},"1":{"loc":{"start":{"line":40,"column":12},"end":{"line":40,"column":22}},"type":"binary-expr","locations":[{"start":{"line":40,"column":12},"end":{"line":40,"column":14}},{"start":{"line":40,"column":18},"end":{"line":40,"column":22}}],"line":40},"2":{"loc":{"start":{"line":42,"column":12},"end":{"line":47,"column":13}},"type":"if","locations":[{"start":{"line":42,"column":12},"end":{"line":47,"column":13}},{"start":{},"end":{}}],"line":42},"3":{"loc":{"start":{"line":87,"column":8},"end":{"line":92,"column":9}},"type":"if","locations":[{"start":{"line":87,"column":8},"end":{"line":92,"column":9}},{"start":{},"end":{}}],"line":87},"4":{"loc":{"start":{"line":95,"column":8},"end":{"line":100,"column":9}},"type":"if","locations":[{"start":{"line":95,"column":8},"end":{"line":100,"column":9}},{"start":{},"end":{}}],"line":95},"5":{"loc":{"start":{"line":115,"column":8},"end":{"line":120,"column":9}},"type":"if","locations":[{"start":{"line":115,"column":8},"end":{"line":120,"column":9}},{"start":{},"end":{}}],"line":115},"6":{"loc":{"start":{"line":123,"column":8},"end":{"line":128,"column":9}},"type":"if","locations":[{"start":{"line":123,"column":8},"end":{"line":128,"column":9}},{"start":{},"end":{}}],"line":123},"7":{"loc":{"start":{"line":148,"column":8},"end":{"line":153,"column":9}},"type":"if","locations":[{"start":{"line":148,"column":8},"end":{"line":153,"column":9}},{"start":{},"end":{}}],"line":148},"8":{"loc":{"start":{"line":148,"column":12},"end":{"line":148,"column":61}},"type":"binary-expr","locations":[{"start":{"line":148,"column":12},"end":{"line":148,"column":22}},{"start":{"line":148,"column":26},"end":{"line":148,"column":37}},{"start":{"line":148,"column":41},"end":{"line":148,"column":61}}],"line":148},"9":{"loc":{"start":{"line":179,"column":8},"end":{"line":184,"column":9}},"type":"if","locations":[{"start":{"line":179,"column":8},"end":{"line":184,"column":9}},{"start":{},"end":{}}],"line":179},"10":{"loc":{"start":{"line":179,"column":12},"end":{"line":179,"column":34}},"type":"binary-expr","locations":[{"start":{"line":179,"column":12},"end":{"line":179,"column":19}},{"start":{"line":179,"column":23},"end":{"line":179,"column":34}}],"line":179},"11":{"loc":{"start":{"line":187,"column":8},"end":{"line":192,"column":9}},"type":"if","locations":[{"start":{"line":187,"column":8},"end":{"line":192,"column":9}},{"start":{},"end":{}}],"line":187}},"s":{"0":1,"1":1,"2":0,"3":0,"4":0,"5":0,"6":1,"7":0,"8":0,"9":0,"10":0,"11":1,"12":1,"13":1,"14":1,"15":0,"16":0,"17":0,"18":0,"19":1,"20":1,"21":0,"22":1,"23":1,"24":1,"25":1,"26":0,"27":1,"28":1,"29":1,"30":1,"31":0,"32":1,"33":1,"34":0,"35":1,"36":0,"37":1,"38":1,"39":1,"40":1,"41":0,"42":1,"43":1,"44":0,"45":1,"46":0,"47":1,"48":0,"49":0,"50":0,"51":0,"52":0,"53":0,"54":0,"55":1,"56":1,"57":1,"58":1,"59":0,"60":1,"61":1,"62":0,"63":1,"64":0,"65":1},"f":{"0":0,"1":0,"2":1,"3":1,"4":1,"5":1,"6":0,"7":1},"b":{"0":[0,1],"1":[1,1],"2":[0,0],"3":[0,1],"4":[0,1],"5":[0,1],"6":[0,1],"7":[0,0],"8":[0,0,0],"9":[0,1],"10":[1,1],"11":[0,1]},"_coverageSchema":"1a1c01bbd47fc00a2c39e90264f33305004495a9","hash":"d3689775f621c8f4fe3da5307811bea4dc1326d6"}
,"/Users/ywenpiret/Documents/dev-web/MMI3/mmi-dev-avance-2026/mmi-dev-avance-2026/pokedex/src/controllers/user.controller.js": {"path":"/Users/ywenpiret/Documents/dev-web/MMI3/mmi-dev-avance-2026/mmi-dev-avance-2026/pokedex/src/controllers/user.controller.js","statementMap":{"0":{"start":{"line":1,"column":20},"end":{"line":1,"column":55}},"1":{"start":{"line":2,"column":15},"end":{"line":2,"column":32}},"2":{"start":{"line":5,"column":0},"end":{"line":18,"column":2}},"3":{"start":{"line":7,"column":19},"end":{"line":7,"column":44}},"4":{"start":{"line":8,"column":4},"end":{"line":17,"column":5}},"5":{"start":{"line":9,"column":19},"end":{"line":9,"column":59}},"6":{"start":{"line":10,"column":8},"end":{"line":10,"column":33}},"7":{"start":{"line":11,"column":8},"end":{"line":11,"column":44}},"8":{"start":{"line":12,"column":8},"end":{"line":12,"column":54}},"9":{"start":{"line":13,"column":8},"end":{"line":13,"column":47}},"10":{"start":{"line":15,"column":8},"end":{"line":15,"column":36}},"11":{"start":{"line":16,"column":8},"end":{"line":16,"column":34}},"12":{"start":{"line":21,"column":0},"end":{"line":34,"column":2}},"13":{"start":{"line":22,"column":4},"end":{"line":33,"column":5}},"14":{"start":{"line":23,"column":21},"end":{"line":23,"column":81}},"15":{"start":{"line":24,"column":8},"end":{"line":26,"column":9}},"16":{"start":{"line":25,"column":12},"end":{"line":25,"column":71}},"17":{"start":{"line":27,"column":8},"end":{"line":29,"column":9}},"18":{"start":{"line":28,"column":12},"end":{"line":28,"column":110}},"19":{"start":{"line":30,"column":8},"end":{"line":30,"column":35}},"20":{"start":{"line":32,"column":8},"end":{"line":32,"column":34}},"21":{"start":{"line":37,"column":0},"end":{"line":54,"column":2}},"22":{"start":{"line":39,"column":19},"end":{"line":39,"column":44}},"23":{"start":{"line":40,"column":4},"end":{"line":53,"column":5}},"24":{"start":{"line":41,"column":8},"end":{"line":43,"column":9}},"25":{"start":{"line":42,"column":12},"end":{"line":42,"column":110}},"26":{"start":{"line":44,"column":19},"end":{"line":44,"column":59}},"27":{"start":{"line":45,"column":8},"end":{"line":45,"column":33}},"28":{"start":{"line":46,"column":21},"end":{"line":46,"column":78}},"29":{"start":{"line":47,"column":8},"end":{"line":49,"column":9}},"30":{"start":{"line":48,"column":12},"end":{"line":48,"column":71}},"31":{"start":{"line":50,"column":8},"end":{"line":50,"column":35}},"32":{"start":{"line":52,"column":8},"end":{"line":52,"column":34}},"33":{"start":{"line":57,"column":0},"end":{"line":67,"column":2}},"34":{"start":{"line":58,"column":4},"end":{"line":66,"column":5}},"35":{"start":{"line":59,"column":21},"end":{"line":59,"column":68}},"36":{"start":{"line":60,"column":8},"end":{"line":62,"column":9}},"37":{"start":{"line":61,"column":12},"end":{"line":61,"column":71}},"38":{"start":{"line":63,"column":8},"end":{"line":63,"column":77}},"39":{"start":{"line":65,"column":8},"end":{"line":65,"column":34}},"40":{"start":{"line":70,"column":0},"end":{"line":77,"column":2}},"41":{"start":{"line":71,"column":4},"end":{"line":76,"column":5}},"42":{"start":{"line":72,"column":22},"end":{"line":72,"column":53}},"43":{"start":{"line":73,"column":8},"end":{"line":73,"column":36}},"44":{"start":{"line":75,"column":8},"end":{"line":75,"column":34}}},"fnMap":{"0":{"name":"(anonymous_0)","decl":{"start":{"line":5,"column":21},"end":{"line":5,"column":22}},"loc":{"start":{"line":5,"column":41},"end":{"line":18,"column":1}},"line":5},"1":{"name":"(anonymous_1)","decl":{"start":{"line":21,"column":29},"end":{"line":21,"column":30}},"loc":{"start":{"line":21,"column":49},"end":{"line":34,"column":1}},"line":21},"2":{"name":"(anonymous_2)","decl":{"start":{"line":37,"column":21},"end":{"line":37,"column":22}},"loc":{"start":{"line":37,"column":41},"end":{"line":54,"column":1}},"line":37},"3":{"name":"(anonymous_3)","decl":{"start":{"line":57,"column":21},"end":{"line":57,"column":22}},"loc":{"start":{"line":57,"column":41},"end":{"line":67,"column":1}},"line":57},"4":{"name":"(anonymous_4)","decl":{"start":{"line":70,"column":22},"end":{"line":70,"column":23}},"loc":{"start":{"line":70,"column":42},"end":{"line":77,"column":1}},"line":70}},"branchMap":{"0":{"loc":{"start":{"line":24,"column":8},"end":{"line":26,"column":9}},"type":"if","locations":[{"start":{"line":24,"column":8},"end":{"line":26,"column":9}},{"start":{},"end":{}}],"line":24},"1":{"loc":{"start":{"line":27,"column":8},"end":{"line":29,"column":9}},"type":"if","locations":[{"start":{"line":27,"column":8},"end":{"line":29,"column":9}},{"start":{},"end":{}}],"line":27},"2":{"loc":{"start":{"line":41,"column":8},"end":{"line":43,"column":9}},"type":"if","locations":[{"start":{"line":41,"column":8},"end":{"line":43,"column":9}},{"start":{},"end":{}}],"line":41},"3":{"loc":{"start":{"line":47,"column":8},"end":{"line":49,"column":9}},"type":"if","locations":[{"start":{"line":47,"column":8},"end":{"line":49,"column":9}},{"start":{},"end":{}}],"line":47},"4":{"loc":{"start":{"line":60,"column":8},"end":{"line":62,"column":9}},"type":"if","locations":[{"start":{"line":60,"column":8},"end":{"line":62,"column":9}},{"start":{},"end":{}}],"line":60}},"s":{"0":1,"1":1,"2":1,"3":0,"4":0,"5":0,"6":0,"7":0,"8":0,"9":0,"10":0,"11":0,"12":1,"13":0,"14":0,"15":0,"16":0,"17":0,"18":0,"19":0,"20":0,"21":1,"22":0,"23":0,"24":0,"25":0,"26":0,"27":0,"28":0,"29":0,"30":0,"31":0,"32":0,"33":1,"34":0,"35":0,"36":0,"37":0,"38":0,"39":0,"40":1,"41":0,"42":0,"43":0,"44":0},"f":{"0":0,"1":0,"2":0,"3":0,"4":0},"b":{"0":[0,0],"1":[0,0],"2":[0,0],"3":[0,0],"4":[0,0]},"_coverageSchema":"1a1c01bbd47fc00a2c39e90264f33305004495a9","hash":"0d977e084911f49a35e55d909574d772e6d557fe"}
,"/Users/ywenpiret/Documents/dev-web/MMI3/mmi-dev-avance-2026/mmi-dev-avance-2026/pokedex/src/models/PkmnType.js": {"path":"/Users/ywenpiret/Documents/dev-web/MMI3/mmi-dev-avance-2026/mmi-dev-avance-2026/pokedex/src/models/PkmnType.js","statementMap":{"0":{"start":{"line":2,"column":17},"end":{"line":21,"column":1}},"1":{"start":{"line":23,"column":0},"end":{"line":23,"column":26}}},"fnMap":{},"branchMap":{},"s":{"0":1,"1":1},"f":{},"b":{},"_coverageSchema":"1a1c01bbd47fc00a2c39e90264f33305004495a9","hash":"d9beb9570c878c52eb2792688ace4de2e4a1fe71"}
,"/Users/ywenpiret/Documents/dev-web/MMI3/mmi-dev-avance-2026/mmi-dev-avance-2026/pokedex/src/models/pokemon.model.js": {"path":"/Users/ywenpiret/Documents/dev-web/MMI3/mmi-dev-avance-2026/mmi-dev-avance-2026/pokedex/src/models/pokemon.model.js","statementMap":{"0":{"start":{"line":1,"column":17},"end":{"line":1,"column":36}},"1":{"start":{"line":2,"column":17},"end":{"line":2,"column":38}},"2":{"start":{"line":4,"column":22},"end":{"line":27,"column":2}},"3":{"start":{"line":14,"column":16},"end":{"line":14,"column":74}},"4":{"start":{"line":29,"column":16},"end":{"line":29,"column":56}},"5":{"start":{"line":31,"column":0},"end":{"line":31,"column":25}}},"fnMap":{"0":{"name":"(anonymous_0)","decl":{"start":{"line":13,"column":23},"end":{"line":13,"column":24}},"loc":{"start":{"line":13,"column":36},"end":{"line":15,"column":13}},"line":13}},"branchMap":{"0":{"loc":{"start":{"line":14,"column":23},"end":{"line":14,"column":73}},"type":"binary-expr","locations":[{"start":{"line":14,"column":23},"end":{"line":14,"column":39}},{"start":{"line":14,"column":43},"end":{"line":14,"column":56}},{"start":{"line":14,"column":60},"end":{"line":14,"column":73}}],"line":14}},"s":{"0":1,"1":1,"2":1,"3":2,"4":1,"5":1},"f":{"0":2},"b":{"0":[2,2,2]},"_coverageSchema":"1a1c01bbd47fc00a2c39e90264f33305004495a9","hash":"9e07e3e84a83857eedbb9b9031e20e0bb09fd244"}
,"/Users/ywenpiret/Documents/dev-web/MMI3/mmi-dev-avance-2026/mmi-dev-avance-2026/pokedex/src/models/users.model.js": {"path":"/Users/ywenpiret/Documents/dev-web/MMI3/mmi-dev-avance-2026/mmi-dev-avance-2026/pokedex/src/models/users.model.js","statementMap":{"0":{"start":{"line":1,"column":17},"end":{"line":1,"column":36}},"1":{"start":{"line":3,"column":20},"end":{"line":7,"column":1}},"2":{"start":{"line":5,"column":13},"end":{"line":5,"column":60}},"3":{"start":{"line":6,"column":4},"end":{"line":6,"column":26}},"4":{"start":{"line":9,"column":19},"end":{"line":16,"column":2}},"5":{"start":{"line":21,"column":0},"end":{"line":28,"column":3}},"6":{"start":{"line":22,"column":4},"end":{"line":24,"column":5}},"7":{"start":{"line":23,"column":8},"end":{"line":23,"column":104}},"8":{"start":{"line":25,"column":4},"end":{"line":27,"column":5}},"9":{"start":{"line":26,"column":8},"end":{"line":26,"column":52}},"10":{"start":{"line":31,"column":0},"end":{"line":40,"column":3}},"11":{"start":{"line":32,"column":19},"end":{"line":32,"column":35}},"12":{"start":{"line":34,"column":4},"end":{"line":36,"column":5}},"13":{"start":{"line":35,"column":8},"end":{"line":35,"column":110}},"14":{"start":{"line":37,"column":4},"end":{"line":39,"column":5}},"15":{"start":{"line":38,"column":8},"end":{"line":38,"column":56}},"16":{"start":{"line":42,"column":18},"end":{"line":42,"column":52}},"17":{"start":{"line":43,"column":0},"end":{"line":43,"column":27}}},"fnMap":{"0":{"name":"(anonymous_0)","decl":{"start":{"line":3,"column":20},"end":{"line":3,"column":21}},"loc":{"start":{"line":3,"column":36},"end":{"line":7,"column":1}},"line":3},"1":{"name":"(anonymous_1)","decl":{"start":{"line":21,"column":23},"end":{"line":21,"column":24}},"loc":{"start":{"line":21,"column":40},"end":{"line":28,"column":1}},"line":21},"2":{"name":"(anonymous_2)","decl":{"start":{"line":31,"column":35},"end":{"line":31,"column":36}},"loc":{"start":{"line":31,"column":52},"end":{"line":40,"column":1}},"line":31}},"branchMap":{"0":{"loc":{"start":{"line":22,"column":4},"end":{"line":24,"column":5}},"type":"if","locations":[{"start":{"line":22,"column":4},"end":{"line":24,"column":5}},{"start":{},"end":{}}],"line":22},"1":{"loc":{"start":{"line":25,"column":4},"end":{"line":27,"column":5}},"type":"if","locations":[{"start":{"line":25,"column":4},"end":{"line":27,"column":5}},{"start":{},"end":{}}],"line":25},"2":{"loc":{"start":{"line":34,"column":4},"end":{"line":36,"column":5}},"type":"if","locations":[{"start":{"line":34,"column":4},"end":{"line":36,"column":5}},{"start":{},"end":{}}],"line":34},"3":{"loc":{"start":{"line":37,"column":4},"end":{"line":39,"column":5}},"type":"if","locations":[{"start":{"line":37,"column":4},"end":{"line":39,"column":5}},{"start":{},"end":{}}],"line":37}},"s":{"0":1,"1":1,"2":0,"3":0,"4":1,"5":1,"6":0,"7":0,"8":0,"9":0,"10":1,"11":0,"12":0,"13":0,"14":0,"15":0,"16":1,"17":1},"f":{"0":0,"1":0,"2":0},"b":{"0":[0,0],"1":[0,0],"2":[0,0],"3":[0,0]},"_coverageSchema":"1a1c01bbd47fc00a2c39e90264f33305004495a9","hash":"8a80747b810972fc43b82fb05ede0936c994114f"}
,"/Users/ywenpiret/Documents/dev-web/MMI3/mmi-dev-avance-2026/mmi-dev-avance-2026/pokedex/src/routes/api.js": {"path":"/Users/ywenpiret/Documents/dev-web/MMI3/mmi-dev-avance-2026/mmi-dev-avance-2026/pokedex/src/routes/api.js","statementMap":{"0":{"start":{"line":1,"column":16},"end":{"line":1,"column":34}},"1":{"start":{"line":2,"column":15},"end":{"line":2,"column":31}},"2":{"start":{"line":3,"column":23},"end":{"line":3,"column":64}},"3":{"start":{"line":4,"column":14},"end":{"line":4,"column":55}},"4":{"start":{"line":7,"column":0},"end":{"line":7,"column":58}},"5":{"start":{"line":8,"column":0},"end":{"line":8,"column":51}},"6":{"start":{"line":9,"column":0},"end":{"line":9,"column":51}},"7":{"start":{"line":11,"column":0},"end":{"line":13,"column":3}},"8":{"start":{"line":12,"column":2},"end":{"line":12,"column":36}},"9":{"start":{"line":16,"column":0},"end":{"line":16,"column":58}},"10":{"start":{"line":18,"column":0},"end":{"line":18,"column":75}},"11":{"start":{"line":20,"column":0},"end":{"line":20,"column":72}},"12":{"start":{"line":22,"column":0},"end":{"line":22,"column":70}},"13":{"start":{"line":24,"column":0},"end":{"line":24,"column":92}},"14":{"start":{"line":26,"column":0},"end":{"line":26,"column":24}}},"fnMap":{"0":{"name":"(anonymous_0)","decl":{"start":{"line":11,"column":48},"end":{"line":11,"column":49}},"loc":{"start":{"line":11,"column":62},"end":{"line":13,"column":1}},"line":11}},"branchMap":{},"s":{"0":1,"1":1,"2":1,"3":1,"4":1,"5":1,"6":1,"7":1,"8":0,"9":1,"10":1,"11":1,"12":1,"13":1,"14":1},"f":{"0":0},"b":{},"_coverageSchema":"1a1c01bbd47fc00a2c39e90264f33305004495a9","hash":"b16c5807bee1c88684e7ec59a8f8e26e3f1a7a5e"}
,"/Users/ywenpiret/Documents/dev-web/MMI3/mmi-dev-avance-2026/mmi-dev-avance-2026/pokedex/src/routes/auth.js": {"path":"/Users/ywenpiret/Documents/dev-web/MMI3/mmi-dev-avance-2026/mmi-dev-avance-2026/pokedex/src/routes/auth.js","statementMap":{"0":{"start":{"line":1,"column":15},"end":{"line":1,"column":33}},"1":{"start":{"line":2,"column":15},"end":{"line":2,"column":31}},"2":{"start":{"line":3,"column":22},"end":{"line":3,"column":63}},"3":{"start":{"line":4,"column":14},"end":{"line":4,"column":55}},"4":{"start":{"line":6,"column":0},"end":{"line":6,"column":50}},"5":{"start":{"line":7,"column":0},"end":{"line":7,"column":44}},"6":{"start":{"line":8,"column":0},"end":{"line":8,"column":58}},"7":{"start":{"line":10,"column":0},"end":{"line":10,"column":23}}},"fnMap":{},"branchMap":{},"s":{"0":1,"1":1,"2":1,"3":1,"4":1,"5":1,"6":1,"7":1},"f":{},"b":{},"_coverageSchema":"1a1c01bbd47fc00a2c39e90264f33305004495a9","hash":"1e1fe376be9752c7102484d14df5d57ea0909e06"}
,"/Users/ywenpiret/Documents/dev-web/MMI3/mmi-dev-avance-2026/mmi-dev-avance-2026/pokedex/src/routes/user.js": {"path":"/Users/ywenpiret/Documents/dev-web/MMI3/mmi-dev-avance-2026/mmi-dev-avance-2026/pokedex/src/routes/user.js","statementMap":{"0":{"start":{"line":1,"column":16},"end":{"line":1,"column":34}},"1":{"start":{"line":2,"column":15},"end":{"line":2,"column":31}},"2":{"start":{"line":3,"column":23},"end":{"line":3,"column":64}},"3":{"start":{"line":4,"column":14},"end":{"line":4,"column":55}},"4":{"start":{"line":6,"column":0},"end":{"line":6,"column":44}},"5":{"start":{"line":7,"column":0},"end":{"line":7,"column":53}},"6":{"start":{"line":8,"column":0},"end":{"line":8,"column":49}},"7":{"start":{"line":9,"column":0},"end":{"line":9,"column":70}},"8":{"start":{"line":10,"column":0},"end":{"line":10,"column":44}},"9":{"start":{"line":12,"column":0},"end":{"line":12,"column":24}}},"fnMap":{},"branchMap":{},"s":{"0":1,"1":1,"2":1,"3":1,"4":1,"5":1,"6":1,"7":1,"8":1,"9":1},"f":{},"b":{},"_coverageSchema":"1a1c01bbd47fc00a2c39e90264f33305004495a9","hash":"568d904397db0340c8449d6619ff4f46cdffe92e"}
,"/Users/ywenpiret/Documents/dev-web/MMI3/mmi-dev-avance-2026/mmi-dev-avance-2026/pokedex/src/services/auth.service.js": {"path":"/Users/ywenpiret/Documents/dev-web/MMI3/mmi-dev-avance-2026/mmi-dev-avance-2026/pokedex/src/services/auth.service.js","statementMap":{"0":{"start":{"line":1,"column":18},"end":{"line":1,"column":50}},"1":{"start":{"line":2,"column":15},"end":{"line":2,"column":32}},"2":{"start":{"line":8,"column":8},"end":{"line":8,"column":48}},"3":{"start":{"line":13,"column":8},"end":{"line":13,"column":57}},"4":{"start":{"line":18,"column":8},"end":{"line":18,"column":63}},"5":{"start":{"line":23,"column":8},"end":{"line":23,"column":63}},"6":{"start":{"line":27,"column":0},"end":{"line":27,"column":35}}},"fnMap":{"0":{"name":"(anonymous_0)","decl":{"start":{"line":7,"column":4},"end":{"line":7,"column":5}},"loc":{"start":{"line":7,"column":29},"end":{"line":9,"column":5}},"line":7},"1":{"name":"(anonymous_1)","decl":{"start":{"line":12,"column":4},"end":{"line":12,"column":5}},"loc":{"start":{"line":12,"column":32},"end":{"line":14,"column":5}},"line":12},"2":{"name":"(anonymous_2)","decl":{"start":{"line":17,"column":4},"end":{"line":17,"column":5}},"loc":{"start":{"line":17,"column":38},"end":{"line":19,"column":5}},"line":17},"3":{"name":"(anonymous_3)","decl":{"start":{"line":22,"column":4},"end":{"line":22,"column":5}},"loc":{"start":{"line":22,"column":54},"end":{"line":24,"column":5}},"line":22}},"branchMap":{},"s":{"0":1,"1":1,"2":0,"3":0,"4":0,"5":0,"6":1},"f":{"0":0,"1":0,"2":0,"3":0},"b":{},"_coverageSchema":"1a1c01bbd47fc00a2c39e90264f33305004495a9","hash":"b02d597451631735f980bae03e54307ef00e1ee4"}
,"/Users/ywenpiret/Documents/dev-web/MMI3/mmi-dev-avance-2026/mmi-dev-avance-2026/pokedex/src/services/pkmn.service.js": {"path":"/Users/ywenpiret/Documents/dev-web/MMI3/mmi-dev-avance-2026/mmi-dev-avance-2026/pokedex/src/services/pkmn.service.js","statementMap":{"0":{"start":{"line":1,"column":17},"end":{"line":1,"column":46}},"1":{"start":{"line":2,"column":18},"end":{"line":2,"column":52}},"2":{"start":{"line":6,"column":8},"end":{"line":6,"column":29}},"3":{"start":{"line":10,"column":8},"end":{"line":10,"column":38}},"4":{"start":{"line":14,"column":8},"end":{"line":24,"column":9}},"5":{"start":{"line":15,"column":12},"end":{"line":17,"column":13}},"6":{"start":{"line":16,"column":16},"end":{"line":16,"column":52}},"7":{"start":{"line":18,"column":12},"end":{"line":20,"column":13}},"8":{"start":{"line":19,"column":16},"end":{"line":19,"column":87}},"9":{"start":{"line":23,"column":12},"end":{"line":23,"column":24}},"10":{"start":{"line":25,"column":8},"end":{"line":25,"column":20}},"11":{"start":{"line":29,"column":22},"end":{"line":29,"column":24}},"12":{"start":{"line":31,"column":8},"end":{"line":33,"column":9}},"13":{"start":{"line":32,"column":12},"end":{"line":32,"column":64}},"14":{"start":{"line":35,"column":29},"end":{"line":35,"column":31}},"15":{"start":{"line":36,"column":8},"end":{"line":36,"column":62}},"16":{"start":{"line":36,"column":21},"end":{"line":36,"column":62}},"17":{"start":{"line":37,"column":8},"end":{"line":37,"column":62}},"18":{"start":{"line":37,"column":21},"end":{"line":37,"column":62}},"19":{"start":{"line":39,"column":8},"end":{"line":41,"column":9}},"20":{"start":{"line":40,"column":12},"end":{"line":40,"column":49}},"21":{"start":{"line":43,"column":22},"end":{"line":43,"column":43}},"22":{"start":{"line":45,"column":8},"end":{"line":51,"column":9}},"23":{"start":{"line":46,"column":26},"end":{"line":46,"column":44}},"24":{"start":{"line":47,"column":25},"end":{"line":47,"column":57}},"25":{"start":{"line":48,"column":12},"end":{"line":48,"column":54}},"26":{"start":{"line":49,"column":15},"end":{"line":51,"column":9}},"27":{"start":{"line":50,"column":12},"end":{"line":50,"column":56}},"28":{"start":{"line":53,"column":21},"end":{"line":53,"column":41}},"29":{"start":{"line":54,"column":22},"end":{"line":54,"column":59}},"30":{"start":{"line":56,"column":8},"end":{"line":56,"column":31}},"31":{"start":{"line":60,"column":32},"end":{"line":60,"column":83}},"32":{"start":{"line":61,"column":8},"end":{"line":63,"column":9}},"33":{"start":{"line":62,"column":12},"end":{"line":62,"column":66}},"34":{"start":{"line":64,"column":8},"end":{"line":64,"column":51}},"35":{"start":{"line":68,"column":8},"end":{"line":72,"column":9}},"36":{"start":{"line":69,"column":12},"end":{"line":69,"column":57}},"37":{"start":{"line":71,"column":12},"end":{"line":71,"column":24}},"38":{"start":{"line":76,"column":8},"end":{"line":80,"column":9}},"39":{"start":{"line":77,"column":12},"end":{"line":77,"column":105}},"40":{"start":{"line":79,"column":12},"end":{"line":79,"column":24}},"41":{"start":{"line":85,"column":24},"end":{"line":85,"column":59}},"42":{"start":{"line":86,"column":8},"end":{"line":88,"column":9}},"43":{"start":{"line":87,"column":12},"end":{"line":87,"column":50}},"44":{"start":{"line":91,"column":36},"end":{"line":93,"column":9}},"45":{"start":{"line":92,"column":17},"end":{"line":92,"column":44}},"46":{"start":{"line":95,"column":8},"end":{"line":104,"column":9}},"47":{"start":{"line":97,"column":12},"end":{"line":97,"column":91}},"48":{"start":{"line":100,"column":12},"end":{"line":103,"column":15}},"49":{"start":{"line":107,"column":8},"end":{"line":107,"column":36}},"50":{"start":{"line":112,"column":24},"end":{"line":112,"column":59}},"51":{"start":{"line":113,"column":8},"end":{"line":115,"column":9}},"52":{"start":{"line":114,"column":12},"end":{"line":114,"column":24}},"53":{"start":{"line":117,"column":33},"end":{"line":119,"column":9}},"54":{"start":{"line":118,"column":17},"end":{"line":118,"column":72}},"55":{"start":{"line":121,"column":8},"end":{"line":123,"column":9}},"56":{"start":{"line":122,"column":12},"end":{"line":122,"column":27}},"57":{"start":{"line":126,"column":8},"end":{"line":126,"column":52}},"58":{"start":{"line":128,"column":8},"end":{"line":128,"column":36}},"59":{"start":{"line":132,"column":0},"end":{"line":134,"column":2}}},"fnMap":{"0":{"name":"(anonymous_0)","decl":{"start":{"line":5,"column":4},"end":{"line":5,"column":5}},"loc":{"start":{"line":5,"column":15},"end":{"line":7,"column":5}},"line":5},"1":{"name":"(anonymous_1)","decl":{"start":{"line":9,"column":4},"end":{"line":9,"column":5}},"loc":{"start":{"line":9,"column":27},"end":{"line":11,"column":5}},"line":9},"2":{"name":"(anonymous_2)","decl":{"start":{"line":13,"column":4},"end":{"line":13,"column":5}},"loc":{"start":{"line":13,"column":31},"end":{"line":26,"column":5}},"line":13},"3":{"name":"(anonymous_3)","decl":{"start":{"line":28,"column":4},"end":{"line":28,"column":5}},"loc":{"start":{"line":28,"column":72},"end":{"line":57,"column":5}},"line":28},"4":{"name":"(anonymous_4)","decl":{"start":{"line":59,"column":4},"end":{"line":59,"column":5}},"loc":{"start":{"line":59,"column":37},"end":{"line":65,"column":5}},"line":59},"5":{"name":"(anonymous_5)","decl":{"start":{"line":67,"column":4},"end":{"line":67,"column":5}},"loc":{"start":{"line":67,"column":28},"end":{"line":73,"column":5}},"line":67},"6":{"name":"(anonymous_6)","decl":{"start":{"line":75,"column":4},"end":{"line":75,"column":5}},"loc":{"start":{"line":75,"column":40},"end":{"line":81,"column":5}},"line":75},"7":{"name":"(anonymous_7)","decl":{"start":{"line":83,"column":4},"end":{"line":83,"column":5}},"loc":{"start":{"line":83,"column":73},"end":{"line":108,"column":5}},"line":83},"8":{"name":"(anonymous_8)","decl":{"start":{"line":92,"column":12},"end":{"line":92,"column":13}},"loc":{"start":{"line":92,"column":17},"end":{"line":92,"column":44}},"line":92},"9":{"name":"(anonymous_9)","decl":{"start":{"line":110,"column":4},"end":{"line":110,"column":5}},"loc":{"start":{"line":110,"column":57},"end":{"line":129,"column":5}},"line":110},"10":{"name":"(anonymous_10)","decl":{"start":{"line":118,"column":12},"end":{"line":118,"column":13}},"loc":{"start":{"line":118,"column":17},"end":{"line":118,"column":72}},"line":118}},"branchMap":{"0":{"loc":{"start":{"line":15,"column":12},"end":{"line":17,"column":13}},"type":"if","locations":[{"start":{"line":15,"column":12},"end":{"line":17,"column":13}},{"start":{},"end":{}}],"line":15},"1":{"loc":{"start":{"line":18,"column":12},"end":{"line":20,"column":13}},"type":"if","locations":[{"start":{"line":18,"column":12},"end":{"line":20,"column":13}},{"start":{},"end":{}}],"line":18},"2":{"loc":{"start":{"line":31,"column":8},"end":{"line":33,"column":9}},"type":"if","locations":[{"start":{"line":31,"column":8},"end":{"line":33,"column":9}},{"start":{},"end":{}}],"line":31},"3":{"loc":{"start":{"line":36,"column":8},"end":{"line":36,"column":62}},"type":"if","locations":[{"start":{"line":36,"column":8},"end":{"line":36,"column":62}},{"start":{},"end":{}}],"line":36},"4":{"loc":{"start":{"line":37,"column":8},"end":{"line":37,"column":62}},"type":"if","locations":[{"start":{"line":37,"column":8},"end":{"line":37,"column":62}},{"start":{},"end":{}}],"line":37},"5":{"loc":{"start":{"line":39,"column":8},"end":{"line":41,"column":9}},"type":"if","locations":[{"start":{"line":39,"column":8},"end":{"line":41,"column":9}},{"start":{},"end":{}}],"line":39},"6":{"loc":{"start":{"line":45,"column":8},"end":{"line":51,"column":9}},"type":"if","locations":[{"start":{"line":45,"column":8},"end":{"line":51,"column":9}},{"start":{"line":49,"column":15},"end":{"line":51,"column":9}}],"line":45},"7":{"loc":{"start":{"line":45,"column":12},"end":{"line":45,"column":24}},"type":"binary-expr","locations":[{"start":{"line":45,"column":12},"end":{"line":45,"column":16}},{"start":{"line":45,"column":20},"end":{"line":45,"column":24}}],"line":45},"8":{"loc":{"start":{"line":49,"column":15},"end":{"line":51,"column":9}},"type":"if","locations":[{"start":{"line":49,"column":15},"end":{"line":51,"column":9}},{"start":{},"end":{}}],"line":49},"9":{"loc":{"start":{"line":61,"column":8},"end":{"line":63,"column":9}},"type":"if","locations":[{"start":{"line":61,"column":8},"end":{"line":63,"column":9}},{"start":{},"end":{}}],"line":61},"10":{"loc":{"start":{"line":86,"column":8},"end":{"line":88,"column":9}},"type":"if","locations":[{"start":{"line":86,"column":8},"end":{"line":88,"column":9}},{"start":{},"end":{}}],"line":86},"11":{"loc":{"start":{"line":95,"column":8},"end":{"line":104,"column":9}},"type":"if","locations":[{"start":{"line":95,"column":8},"end":{"line":104,"column":9}},{"start":{"line":98,"column":15},"end":{"line":104,"column":9}}],"line":95},"12":{"loc":{"start":{"line":113,"column":8},"end":{"line":115,"column":9}},"type":"if","locations":[{"start":{"line":113,"column":8},"end":{"line":115,"column":9}},{"start":{},"end":{}}],"line":113},"13":{"loc":{"start":{"line":121,"column":8},"end":{"line":123,"column":9}},"type":"if","locations":[{"start":{"line":121,"column":8},"end":{"line":123,"column":9}},{"start":{},"end":{}}],"line":121}},"s":{"0":1,"1":1,"2":0,"3":1,"4":0,"5":0,"6":0,"7":0,"8":0,"9":0,"10":0,"11":0,"12":0,"13":0,"14":0,"15":0,"16":0,"17":0,"18":0,"19":0,"20":0,"21":0,"22":0,"23":0,"24":0,"25":0,"26":0,"27":0,"28":0,"29":0,"30":0,"31":1,"32":1,"33":0,"34":1,"35":1,"36":1,"37":0,"38":1,"39":1,"40":0,"41":0,"42":0,"43":0,"44":0,"45":0,"46":0,"47":0,"48":0,"49":0,"50":1,"51":1,"52":0,"53":1,"54":1,"55":1,"56":0,"57":1,"58":1,"59":1},"f":{"0":0,"1":1,"2":0,"3":0,"4":1,"5":1,"6":1,"7":0,"8":0,"9":1,"10":1},"b":{"0":[0,0],"1":[0,0],"2":[0,0],"3":[0,0],"4":[0,0],"5":[0,0],"6":[0,0],"7":[0,0],"8":[0,0],"9":[0,1],"10":[0,0],"11":[0,0],"12":[0,1],"13":[0,1]},"_coverageSchema":"1a1c01bbd47fc00a2c39e90264f33305004495a9","hash":"b7a1eea790b6524e8cc5ade3cb2f6fb42b8b6746"}
,"/Users/ywenpiret/Documents/dev-web/MMI3/mmi-dev-avance-2026/mmi-dev-avance-2026/pokedex/src/services/user.service.js": {"path":"/Users/ywenpiret/Documents/dev-web/MMI3/mmi-dev-avance-2026/mmi-dev-avance-2026/pokedex/src/services/user.service.js","statementMap":{"0":{"start":{"line":1,"column":18},"end":{"line":1,"column":50}},"1":{"start":{"line":7,"column":8},"end":{"line":7,"column":48}},"2":{"start":{"line":12,"column":8},"end":{"line":12,"column":44}},"3":{"start":{"line":17,"column":8},"end":{"line":17,"column":57}},"4":{"start":{"line":22,"column":32},"end":{"line":22,"column":67}},"5":{"start":{"line":24,"column":8},"end":{"line":28,"column":9}},"6":{"start":{"line":25,"column":12},"end":{"line":25,"column":53}},"7":{"start":{"line":27,"column":12},"end":{"line":27,"column":56}},"8":{"start":{"line":33,"column":8},"end":{"line":37,"column":10}},"9":{"start":{"line":42,"column":8},"end":{"line":42,"column":53}},"10":{"start":{"line":47,"column":8},"end":{"line":47,"column":38}},"11":{"start":{"line":51,"column":0},"end":{"line":51,"column":35}}},"fnMap":{"0":{"name":"(anonymous_0)","decl":{"start":{"line":6,"column":4},"end":{"line":6,"column":5}},"loc":{"start":{"line":6,"column":31},"end":{"line":8,"column":5}},"line":6},"1":{"name":"(anonymous_1)","decl":{"start":{"line":11,"column":4},"end":{"line":11,"column":5}},"loc":{"start":{"line":11,"column":26},"end":{"line":13,"column":5}},"line":11},"2":{"name":"(anonymous_2)","decl":{"start":{"line":16,"column":4},"end":{"line":16,"column":5}},"loc":{"start":{"line":16,"column":32},"end":{"line":18,"column":5}},"line":16},"3":{"name":"(anonymous_3)","decl":{"start":{"line":21,"column":4},"end":{"line":21,"column":5}},"loc":{"start":{"line":21,"column":40},"end":{"line":29,"column":5}},"line":21},"4":{"name":"(anonymous_4)","decl":{"start":{"line":32,"column":4},"end":{"line":32,"column":5}},"loc":{"start":{"line":32,"column":39},"end":{"line":38,"column":5}},"line":32},"5":{"name":"(anonymous_5)","decl":{"start":{"line":41,"column":4},"end":{"line":41,"column":5}},"loc":{"start":{"line":41,"column":29},"end":{"line":43,"column":5}},"line":41},"6":{"name":"(anonymous_6)","decl":{"start":{"line":46,"column":4},"end":{"line":46,"column":5}},"loc":{"start":{"line":46,"column":24},"end":{"line":48,"column":5}},"line":46}},"branchMap":{"0":{"loc":{"start":{"line":24,"column":8},"end":{"line":28,"column":9}},"type":"if","locations":[{"start":{"line":24,"column":8},"end":{"line":28,"column":9}},{"start":{"line":26,"column":15},"end":{"line":28,"column":9}}],"line":24}},"s":{"0":1,"1":0,"2":0,"3":0,"4":0,"5":0,"6":0,"7":0,"8":0,"9":0,"10":0,"11":1},"f":{"0":0,"1":0,"2":0,"3":0,"4":0,"5":0,"6":0},"b":{"0":[0,0]},"_coverageSchema":"1a1c01bbd47fc00a2c39e90264f33305004495a9","hash":"7a3b7b68469cb5845fbb5b580df03c0e890ec954"}
}
