TN:
SF:app.js
FN:16,(anonymous_0)
FN:17,(anonymous_1)
FNF:2
FNH:1
FNDA:1,(anonymous_0)
FNDA:0,(anonymous_1)
DA:1,1
DA:2,1
DA:3,1
DA:4,1
DA:6,1
DA:9,1
DA:10,1
DA:13,1
DA:15,1
DA:16,1
DA:17,0
DA:20,1
DA:21,1
DA:23,1
DA:24,1
DA:26,1
DA:27,1
DA:29,1
DA:30,1
DA:32,1
LF:20
LH:19
BRF:0
BRH:0
end_of_record
TN:
SF:src/controllers/auth.controller.js
FN:5,(anonymous_0)
FN:22,(anonymous_1)
FN:65,(anonymous_2)
FNF:3
FNH:2
FNDA:13,(anonymous_0)
FNDA:14,(anonymous_1)
FNDA:0,(anonymous_2)
DA:1,1
DA:2,1
DA:3,1
DA:5,1
DA:7,13
DA:8,13
DA:9,13
DA:11,13
DA:12,13
DA:13,13
DA:14,13
DA:15,13
DA:17,0
DA:18,0
DA:22,1
DA:23,14
DA:25,14
DA:27,14
DA:28,0
DA:31,14
DA:32,13
DA:34,0
DA:37,13
DA:38,0
DA:41,13
DA:42,13
DA:43,1
DA:46,12
DA:51,12
DA:60,1
DA:61,1
DA:65,1
DA:66,0
LF:33
LH:27
BRDA:25,0,0,14
BRDA:25,0,1,0
BRDA:27,1,0,0
BRDA:27,1,1,14
BRDA:31,2,0,13
BRDA:31,2,1,0
BRDA:37,3,0,0
BRDA:37,3,1,13
BRDA:42,4,0,1
BRDA:42,4,1,12
BRF:10
BRH:6
end_of_record
TN:
SF:src/controllers/pkmn.controller.js
FN:3,(anonymous_0)
FN:19,(anonymous_1)
FN:35,(anonymous_2)
FN:69,(anonymous_3)
FN:85,(anonymous_4)
FN:113,(anonymous_5)
FN:144,(anonymous_6)
FN:175,(anonymous_7)
FNF:8
FNH:6
FNDA:1,(anonymous_0)
FNDA:2,(anonymous_1)
FNDA:3,(anonymous_2)
FNDA:4,(anonymous_3)
FNDA:1,(anonymous_4)
FNDA:0,(anonymous_5)
FNDA:0,(anonymous_6)
FNDA:1,(anonymous_7)
DA:1,1
DA:3,1
DA:4,1
DA:5,1
DA:6,1
DA:11,0
DA:19,1
DA:20,2
DA:21,2
DA:22,2
DA:27,0
DA:35,1
DA:36,3
DA:37,3
DA:40,3
DA:41,1
DA:42,1
DA:43,1
DA:48,0
DA:54,2
DA:55,2
DA:61,0
DA:69,1
DA:70,4
DA:71,4
DA:72,3
DA:77,1
DA:85,1
DA:86,1
DA:87,1
DA:88,1
DA:89,0
DA:95,1
DA:96,1
DA:97,0
DA:103,1
DA:105,0
DA:113,1
DA:114,0
DA:115,0
DA:116,0
DA:117,0
DA:123,0
DA:124,0
DA:125,0
DA:131,0
DA:136,0
DA:144,1
DA:145,0
DA:146,0
DA:149,0
DA:150,0
DA:156,0
DA:162,0
DA:167,0
DA:175,1
DA:176,1
DA:177,1
DA:178,1
DA:181,1
DA:182,0
DA:188,1
DA:189,1
DA:190,0
DA:196,1
DA:198,0
DA:206,1
LF:67
LH:41
BRDA:40,0,0,1
BRDA:40,0,1,2
BRDA:40,1,0,3
BRDA:40,1,1,2
BRDA:42,2,0,1
BRDA:42,2,1,0
BRDA:88,3,0,0
BRDA:88,3,1,1
BRDA:96,4,0,0
BRDA:96,4,1,1
BRDA:116,5,0,0
BRDA:116,5,1,0
BRDA:124,6,0,0
BRDA:124,6,1,0
BRDA:149,7,0,0
BRDA:149,7,1,0
BRDA:149,8,0,0
BRDA:149,8,1,0
BRDA:149,8,2,0
BRDA:177,9,0,1
BRDA:177,9,1,1
BRDA:177,9,2,0
BRDA:177,9,3,0
BRDA:178,10,0,1
BRDA:178,10,1,1
BRDA:181,11,0,0
BRDA:181,11,1,1
BRDA:181,12,0,1
BRDA:181,12,1,1
BRDA:189,13,0,0
BRDA:189,13,1,1
BRF:31
BRH:15
end_of_record
TN:
SF:src/controllers/trainer.controller.js
FN:3,(anonymous_0)
FN:20,(anonymous_1)
FN:44,(anonymous_2)
FN:69,(anonymous_3)
FN:91,(anonymous_4)
FNF:5
FNH:5
FNDA:2,(anonymous_0)
FNDA:3,(anonymous_1)
FNDA:1,(anonymous_2)
FNDA:1,(anonymous_3)
FNDA:3,(anonymous_4)
DA:1,1
DA:3,1
DA:4,2
DA:5,2
DA:6,2
DA:8,1
DA:13,1
DA:20,1
DA:21,3
DA:22,3
DA:23,3
DA:25,3
DA:26,2
DA:32,1
DA:36,0
DA:44,1
DA:45,1
DA:46,1
DA:47,1
DA:49,1
DA:50,0
DA:56,1
DA:61,0
DA:69,1
DA:70,1
DA:71,1
DA:72,1
DA:74,1
DA:75,0
DA:81,1
DA:83,0
DA:91,1
DA:92,3
DA:93,3
DA:94,3
DA:96,3
DA:97,0
DA:103,3
DA:105,2
DA:110,1
DA:117,1
LF:41
LH:35
BRDA:25,0,0,2
BRDA:25,0,1,1
BRDA:49,1,0,0
BRDA:49,1,1,1
BRDA:74,2,0,0
BRDA:74,2,1,1
BRDA:96,3,0,0
BRDA:96,3,1,3
BRDA:96,4,0,3
BRDA:96,4,1,3
BRF:10
BRH:7
end_of_record
TN:
SF:src/controllers/user.controller.js
FN:5,(anonymous_0)
FN:21,(anonymous_1)
FN:37,(anonymous_2)
FN:57,(anonymous_3)
FN:70,(anonymous_4)
FNF:5
FNH:5
FNDA:3,(anonymous_0)
FNDA:3,(anonymous_1)
FNDA:2,(anonymous_2)
FNDA:2,(anonymous_3)
FNDA:1,(anonymous_4)
DA:1,1
DA:2,1
DA:5,1
DA:7,3
DA:8,3
DA:9,3
DA:10,2
DA:11,2
DA:12,2
DA:13,2
DA:15,1
DA:16,1
DA:21,1
DA:22,3
DA:23,3
DA:24,3
DA:25,1
DA:27,2
DA:28,1
DA:30,1
DA:32,0
DA:37,1
DA:39,2
DA:40,2
DA:41,2
DA:42,1
DA:44,1
DA:45,1
DA:46,1
DA:47,1
DA:48,0
DA:50,1
DA:52,0
DA:57,1
DA:58,2
DA:59,2
DA:60,2
DA:61,1
DA:63,1
DA:65,0
DA:70,1
DA:71,1
DA:72,1
DA:73,1
DA:75,0
LF:45
LH:40
BRDA:24,0,0,1
BRDA:24,0,1,2
BRDA:27,1,0,1
BRDA:27,1,1,1
BRDA:41,2,0,1
BRDA:41,2,1,1
BRDA:47,3,0,0
BRDA:47,3,1,1
BRDA:60,4,0,1
BRDA:60,4,1,1
BRF:10
BRH:9
end_of_record
TN:
SF:src/middlewares/auth.middleware.js
FN:4,(anonymous_0)
FN:21,(anonymous_1)
FNF:2
FNH:2
FNDA:26,(anonymous_0)
FNDA:7,(anonymous_1)
DA:1,1
DA:4,1
DA:5,26
DA:6,26
DA:7,26
DA:8,26
DA:9,26
DA:10,26
DA:14,26
DA:16,0
DA:21,1
DA:22,7
DA:23,3
DA:25,4
DA:29,1
DA:30,1
LF:16
LH:15
BRDA:22,0,0,3
BRDA:22,0,1,4
BRDA:22,1,0,7
BRDA:22,1,1,7
BRF:4
BRH:4
end_of_record
TN:
SF:src/models/PkmnType.js
FNF:0
FNH:0
DA:2,1
DA:23,1
LF:2
LH:2
BRF:0
BRH:0
end_of_record
TN:
SF:src/models/pokemon.model.js
FN:13,(anonymous_0)
FNF:1
FNH:1
FNDA:5,(anonymous_0)
DA:1,1
DA:2,1
DA:4,1
DA:14,5
DA:51,1
DA:53,1
LF:6
LH:6
BRDA:14,0,0,5
BRDA:14,0,1,5
BRDA:14,0,2,5
BRF:3
BRH:3
end_of_record
TN:
SF:src/models/trainer.model.js
FNF:0
FNH:0
DA:1,1
DA:3,1
DA:12,1
DA:14,1
LF:4
LH:4
BRF:0
BRH:0
end_of_record
TN:
SF:src/models/users.model.js
FN:3,(anonymous_0)
FN:21,(anonymous_1)
FN:31,(anonymous_2)
FNF:3
FNH:3
FNDA:15,(anonymous_0)
FNDA:15,(anonymous_1)
FNDA:2,(anonymous_2)
DA:1,1
DA:3,1
DA:5,15
DA:6,15
DA:9,1
DA:21,1
DA:22,15
DA:23,6
DA:25,15
DA:26,6
DA:31,1
DA:32,2
DA:34,2
DA:35,1
DA:37,2
DA:38,0
DA:42,1
DA:43,1
LF:18
LH:17
BRDA:22,0,0,6
BRDA:22,0,1,9
BRDA:25,1,0,6
BRDA:25,1,1,9
BRDA:34,2,0,1
BRDA:34,2,1,1
BRDA:37,3,0,0
BRDA:37,3,1,2
BRF:8
BRH:7
end_of_record
TN:
SF:src/routes/api.js
FN:11,(anonymous_0)
FNF:1
FNH:1
FNDA:1,(anonymous_0)
DA:1,1
DA:2,1
DA:3,1
DA:4,1
DA:7,1
DA:8,1
DA:9,1
DA:11,1
DA:12,1
DA:16,1
DA:18,1
DA:20,1
DA:22,1
DA:24,1
DA:26,1
LF:15
LH:15
BRF:0
BRH:0
end_of_record
TN:
SF:src/routes/auth.js
FNF:0
FNH:0
DA:1,1
DA:2,1
DA:3,1
DA:4,1
DA:6,1
DA:7,1
DA:8,1
DA:10,1
LF:8
LH:8
BRF:0
BRH:0
end_of_record
TN:
SF:src/routes/trainer.js
FNF:0
FNH:0
DA:1,1
DA:2,1
DA:3,1
DA:4,1
DA:6,1
DA:8,1
DA:9,1
DA:10,1
DA:11,1
DA:13,1
DA:15,1
LF:11
LH:11
BRF:0
BRH:0
end_of_record
TN:
SF:src/routes/user.js
FNF:0
FNH:0
DA:1,1
DA:2,1
DA:3,1
DA:4,1
DA:6,1
DA:7,1
DA:8,1
DA:9,1
DA:10,1
DA:12,1
LF:10
LH:10
BRF:0
BRH:0
end_of_record
TN:
SF:src/services/auth.service.js
FN:7,(anonymous_0)
FN:23,(anonymous_1)
FN:28,(anonymous_2)
FN:33,(anonymous_3)
FNF:4
FNH:3
FNDA:13,(anonymous_0)
FNDA:13,(anonymous_1)
FNDA:0,(anonymous_2)
FNDA:13,(anonymous_3)
DA:1,1
DA:2,1
DA:8,13
DA:11,13
DA:12,13
DA:19,13
DA:24,13
DA:29,0
DA:34,13
DA:38,1
LF:10
LH:9
BRF:0
BRH:0
end_of_record
TN:
SF:src/services/pkmn.service.js
FN:5,(anonymous_0)
FN:9,(anonymous_1)
FN:13,(anonymous_2)
FN:27,(anonymous_3)
FN:58,(anonymous_4)
FN:66,(anonymous_5)
FN:74,(anonymous_6)
FN:82,(anonymous_7)
FN:88,(anonymous_8)
FN:103,(anonymous_9)
FN:110,(anonymous_10)
FNF:11
FNH:8
FNDA:1,(anonymous_0)
FNDA:2,(anonymous_1)
FNDA:1,(anonymous_2)
FNDA:2,(anonymous_3)
FNDA:4,(anonymous_4)
FNDA:1,(anonymous_5)
FNDA:0,(anonymous_6)
FNDA:0,(anonymous_7)
FNDA:0,(anonymous_8)
FNDA:1,(anonymous_9)
FNDA:1,(anonymous_10)
DA:1,1
DA:2,1
DA:6,1
DA:10,2
DA:14,1
DA:15,1
DA:16,1
DA:18,0
DA:19,0
DA:22,0
DA:24,0
DA:28,2
DA:30,2
DA:31,1
DA:34,2
DA:35,2
DA:36,2
DA:38,2
DA:39,1
DA:42,2
DA:44,2
DA:45,0
DA:46,0
DA:47,0
DA:48,2
DA:49,0
DA:52,2
DA:53,2
DA:55,2
DA:59,4
DA:60,4
DA:61,0
DA:63,4
DA:67,1
DA:68,1
DA:70,0
DA:75,0
DA:76,0
DA:78,0
DA:83,0
DA:84,0
DA:85,0
DA:87,0
DA:88,0
DA:91,0
DA:92,0
DA:94,0
DA:100,0
DA:104,1
DA:105,1
DA:106,0
DA:109,1
DA:110,1
DA:113,1
DA:114,0
DA:117,1
DA:119,1
DA:123,1
LF:58
LH:34
BRDA:15,0,0,1
BRDA:15,0,1,0
BRDA:18,1,0,0
BRDA:18,1,1,0
BRDA:30,2,0,1
BRDA:30,2,1,1
BRDA:35,3,0,1
BRDA:35,3,1,1
BRDA:36,4,0,0
BRDA:36,4,1,2
BRDA:38,5,0,1
BRDA:38,5,1,1
BRDA:44,6,0,0
BRDA:44,6,1,2
BRDA:44,7,0,2
BRDA:44,7,1,0
BRDA:48,8,0,0
BRDA:48,8,1,2
BRDA:60,9,0,0
BRDA:60,9,1,4
BRDA:84,10,0,0
BRDA:84,10,1,0
BRDA:91,11,0,0
BRDA:91,11,1,0
BRDA:105,12,0,0
BRDA:105,12,1,1
BRDA:113,13,0,0
BRDA:113,13,1,1
BRF:28
BRH:14
end_of_record
TN:
SF:src/services/trainer.service.js
FN:5,(anonymous_0)
FN:13,(anonymous_1)
FN:29,(anonymous_2)
FN:36,(anonymous_3)
FN:50,(anonymous_4)
FN:55,(anonymous_5)
FNF:6
FNH:6
FNDA:10,(anonymous_0)
FNDA:2,(anonymous_1)
FNDA:3,(anonymous_2)
FNDA:1,(anonymous_3)
FNDA:1,(anonymous_4)
FNDA:3,(anonymous_5)
DA:1,1
DA:2,1
DA:6,10
DA:7,10
DA:8,0
DA:10,10
DA:14,2
DA:16,2
DA:17,2
DA:18,1
DA:21,1
DA:26,1
DA:30,3
DA:31,3
DA:37,1
DA:39,1
DA:40,0
DA:43,1
DA:51,1
DA:52,1
DA:56,3
DA:58,3
DA:59,3
DA:60,0
DA:63,3
DA:64,3
DA:65,3
DA:66,1
DA:69,2
DA:70,2
DA:72,2
DA:73,1
DA:75,1
DA:78,2
DA:82,1
LF:35
LH:32
BRDA:7,0,0,0
BRDA:7,0,1,10
BRDA:17,1,0,1
BRDA:17,1,1,1
BRDA:39,2,0,0
BRDA:39,2,1,1
BRDA:59,3,0,0
BRDA:59,3,1,3
BRDA:65,4,0,1
BRDA:65,4,1,2
BRDA:72,5,0,1
BRDA:72,5,1,1
BRF:12
BRH:9
end_of_record
TN:
SF:src/services/user.service.js
FN:6,(anonymous_0)
FN:11,(anonymous_1)
FN:16,(anonymous_2)
FN:21,(anonymous_3)
FN:32,(anonymous_4)
FN:41,(anonymous_5)
FN:46,(anonymous_6)
FNF:7
FNH:6
FNDA:2,(anonymous_0)
FNDA:3,(anonymous_1)
FNDA:0,(anonymous_2)
FNDA:3,(anonymous_3)
FNDA:1,(anonymous_4)
FNDA:2,(anonymous_5)
FNDA:1,(anonymous_6)
DA:1,1
DA:7,2
DA:12,3
DA:17,0
DA:22,3
DA:24,3
DA:25,3
DA:27,0
DA:33,1
DA:42,2
DA:47,1
DA:51,1
LF:12
LH:10
BRDA:24,0,0,3
BRDA:24,0,1,0
BRF:2
BRH:1
end_of_record
