TN:
SF:app.js
FN:13,(anonymous_0)
FN:14,(anonymous_1)
FNF:2
FNH:1
FNDA:1,(anonymous_0)
FNDA:0,(anonymous_1)
DA:1,1
DA:2,1
DA:3,1
DA:6,1
DA:7,1
DA:10,1
DA:12,1
DA:13,1
DA:14,0
DA:17,1
DA:18,1
DA:20,1
DA:21,1
DA:23,1
DA:24,1
DA:27,1
LF:16
LH:15
BRF:0
BRH:0
end_of_record
TN:
SF:src/controllers/auth.controller.js
FN:6,(anonymous_0)
FN:25,(anonymous_1)
FN:70,(anonymous_2)
FNF:3
FNH:0
FNDA:0,(anonymous_0)
FNDA:0,(anonymous_1)
FNDA:0,(anonymous_2)
DA:1,1
DA:2,1
DA:3,1
DA:6,1
DA:8,0
DA:9,0
DA:12,0
DA:14,0
DA:15,0
DA:16,0
DA:17,0
DA:18,0
DA:20,0
DA:21,0
DA:25,1
DA:26,0
DA:29,0
DA:31,0
DA:32,0
DA:36,0
DA:37,0
DA:39,0
DA:42,0
DA:43,0
DA:46,0
DA:47,0
DA:48,0
DA:51,0
DA:56,0
DA:65,0
DA:66,0
DA:70,1
DA:71,0
LF:33
LH:6
BRDA:29,0,0,0
BRDA:29,0,1,0
BRDA:31,1,0,0
BRDA:31,1,1,0
BRDA:36,2,0,0
BRDA:36,2,1,0
BRDA:42,3,0,0
BRDA:42,3,1,0
BRDA:47,4,0,0
BRDA:47,4,1,0
BRF:10
BRH:0
end_of_record
TN:
SF:src/controllers/pkmn.controller.js
FN:3,(anonymous_0)
FN:19,(anonymous_1)
FN:35,(anonymous_2)
FN:68,(anonymous_3)
FN:84,(anonymous_4)
FN:112,(anonymous_5)
FN:143,(anonymous_6)
FN:174,(anonymous_7)
FNF:8
FNH:5
FNDA:0,(anonymous_0)
FNDA:0,(anonymous_1)
FNDA:1,(anonymous_2)
FNDA:1,(anonymous_3)
FNDA:1,(anonymous_4)
FNDA:1,(anonymous_5)
FNDA:0,(anonymous_6)
FNDA:1,(anonymous_7)
DA:1,1
DA:3,1
DA:4,0
DA:5,0
DA:6,0
DA:11,0
DA:19,1
DA:20,0
DA:21,0
DA:22,0
DA:27,0
DA:35,1
DA:36,1
DA:37,1
DA:40,1
DA:41,0
DA:42,0
DA:43,0
DA:48,0
DA:54,1
DA:55,1
DA:60,0
DA:68,1
DA:69,1
DA:70,1
DA:71,1
DA:76,0
DA:84,1
DA:85,1
DA:86,1
DA:87,1
DA:88,0
DA:94,1
DA:95,1
DA:96,0
DA:102,1
DA:104,0
DA:112,1
DA:113,1
DA:114,1
DA:115,1
DA:116,0
DA:122,1
DA:123,1
DA:124,0
DA:130,1
DA:135,0
DA:143,1
DA:144,0
DA:145,0
DA:148,0
DA:149,0
DA:155,0
DA:161,0
DA:166,0
DA:174,1
DA:175,1
DA:176,1
DA:179,1
DA:180,0
DA:186,1
DA:187,1
DA:188,0
DA:194,1
DA:196,0
DA:204,1
LF:66
LH:36
BRDA:40,0,0,0
BRDA:40,0,1,1
BRDA:40,1,0,1
BRDA:40,1,1,1
BRDA:42,2,0,0
BRDA:42,2,1,0
BRDA:87,3,0,0
BRDA:87,3,1,1
BRDA:95,4,0,0
BRDA:95,4,1,1
BRDA:115,5,0,0
BRDA:115,5,1,1
BRDA:123,6,0,0
BRDA:123,6,1,1
BRDA:148,7,0,0
BRDA:148,7,1,0
BRDA:148,8,0,0
BRDA:148,8,1,0
BRDA:148,8,2,0
BRDA:179,9,0,0
BRDA:179,9,1,1
BRDA:179,10,0,1
BRDA:179,10,1,1
BRDA:187,11,0,0
BRDA:187,11,1,1
BRF:25
BRH:11
end_of_record
TN:
SF:src/controllers/user.controller.js
FN:5,(anonymous_0)
FN:21,(anonymous_1)
FN:37,(anonymous_2)
FN:57,(anonymous_3)
FN:70,(anonymous_4)
FNF:5
FNH:0
FNDA:0,(anonymous_0)
FNDA:0,(anonymous_1)
FNDA:0,(anonymous_2)
FNDA:0,(anonymous_3)
FNDA:0,(anonymous_4)
DA:1,1
DA:2,1
DA:5,1
DA:7,0
DA:8,0
DA:9,0
DA:10,0
DA:11,0
DA:12,0
DA:13,0
DA:15,0
DA:16,0
DA:21,1
DA:22,0
DA:23,0
DA:24,0
DA:25,0
DA:27,0
DA:28,0
DA:30,0
DA:32,0
DA:37,1
DA:39,0
DA:40,0
DA:41,0
DA:42,0
DA:44,0
DA:45,0
DA:46,0
DA:47,0
DA:48,0
DA:50,0
DA:52,0
DA:57,1
DA:58,0
DA:59,0
DA:60,0
DA:61,0
DA:63,0
DA:65,0
DA:70,1
DA:71,0
DA:72,0
DA:73,0
DA:75,0
LF:45
LH:7
BRDA:24,0,0,0
BRDA:24,0,1,0
BRDA:27,1,0,0
BRDA:27,1,1,0
BRDA:41,2,0,0
BRDA:41,2,1,0
BRDA:47,3,0,0
BRDA:47,3,1,0
BRDA:60,4,0,0
BRDA:60,4,1,0
BRF:10
BRH:0
end_of_record
TN:
SF:src/models/PkmnType.js
FNF:0
FNH:0
DA:2,1
DA:23,1
LF:2
LH:2
BRF:0
BRH:0
end_of_record
TN:
SF:src/models/pokemon.model.js
FN:13,(anonymous_0)
FNF:1
FNH:1
FNDA:2,(anonymous_0)
DA:1,1
DA:2,1
DA:4,1
DA:14,2
DA:29,1
DA:31,1
LF:6
LH:6
BRDA:14,0,0,2
BRDA:14,0,1,2
BRDA:14,0,2,2
BRF:3
BRH:3
end_of_record
TN:
SF:src/models/users.model.js
FN:3,(anonymous_0)
FN:21,(anonymous_1)
FN:31,(anonymous_2)
FNF:3
FNH:0
FNDA:0,(anonymous_0)
FNDA:0,(anonymous_1)
FNDA:0,(anonymous_2)
DA:1,1
DA:3,1
DA:5,0
DA:6,0
DA:9,1
DA:21,1
DA:22,0
DA:23,0
DA:25,0
DA:26,0
DA:31,1
DA:32,0
DA:34,0
DA:35,0
DA:37,0
DA:38,0
DA:42,1
DA:43,1
LF:18
LH:7
BRDA:22,0,0,0
BRDA:22,0,1,0
BRDA:25,1,0,0
BRDA:25,1,1,0
BRDA:34,2,0,0
BRDA:34,2,1,0
BRDA:37,3,0,0
BRDA:37,3,1,0
BRF:8
BRH:0
end_of_record
TN:
SF:src/routes/api.js
FN:11,(anonymous_0)
FNF:1
FNH:0
FNDA:0,(anonymous_0)
DA:1,1
DA:2,1
DA:3,1
DA:4,1
DA:7,1
DA:8,1
DA:9,1
DA:11,1
DA:12,0
DA:16,1
DA:18,1
DA:20,1
DA:22,1
DA:24,1
DA:26,1
LF:15
LH:14
BRF:0
BRH:0
end_of_record
TN:
SF:src/routes/auth.js
FNF:0
FNH:0
DA:1,1
DA:2,1
DA:3,1
DA:4,1
DA:6,1
DA:7,1
DA:8,1
DA:10,1
LF:8
LH:8
BRF:0
BRH:0
end_of_record
TN:
SF:src/routes/user.js
FNF:0
FNH:0
DA:1,1
DA:2,1
DA:3,1
DA:4,1
DA:6,1
DA:7,1
DA:8,1
DA:9,1
DA:10,1
DA:12,1
LF:10
LH:10
BRF:0
BRH:0
end_of_record
TN:
SF:src/services/auth.service.js
FN:7,(anonymous_0)
FN:12,(anonymous_1)
FN:17,(anonymous_2)
FN:22,(anonymous_3)
FNF:4
FNH:0
FNDA:0,(anonymous_0)
FNDA:0,(anonymous_1)
FNDA:0,(anonymous_2)
FNDA:0,(anonymous_3)
DA:1,1
DA:2,1
DA:8,0
DA:13,0
DA:18,0
DA:23,0
DA:27,1
LF:7
LH:3
BRF:0
BRH:0
end_of_record
TN:
SF:src/services/pkmn.service.js
FN:5,(anonymous_0)
FN:9,(anonymous_1)
FN:13,(anonymous_2)
FN:28,(anonymous_3)
FN:59,(anonymous_4)
FN:67,(anonymous_5)
FN:75,(anonymous_6)
FN:83,(anonymous_7)
FN:92,(anonymous_8)
FN:110,(anonymous_9)
FN:118,(anonymous_10)
FNF:11
FNH:6
FNDA:0,(anonymous_0)
FNDA:1,(anonymous_1)
FNDA:0,(anonymous_2)
FNDA:0,(anonymous_3)
FNDA:1,(anonymous_4)
FNDA:1,(anonymous_5)
FNDA:1,(anonymous_6)
FNDA:0,(anonymous_7)
FNDA:0,(anonymous_8)
FNDA:1,(anonymous_9)
FNDA:1,(anonymous_10)
DA:1,1
DA:2,1
DA:6,0
DA:10,1
DA:14,0
DA:15,0
DA:16,0
DA:18,0
DA:19,0
DA:23,0
DA:25,0
DA:29,0
DA:31,0
DA:32,0
DA:35,0
DA:36,0
DA:37,0
DA:39,0
DA:40,0
DA:43,0
DA:45,0
DA:46,0
DA:47,0
DA:48,0
DA:49,0
DA:50,0
DA:53,0
DA:54,0
DA:56,0
DA:60,1
DA:61,1
DA:62,0
DA:64,1
DA:68,1
DA:69,1
DA:71,0
DA:76,1
DA:77,1
DA:79,0
DA:85,0
DA:86,0
DA:87,0
DA:91,0
DA:92,0
DA:95,0
DA:97,0
DA:100,0
DA:107,0
DA:112,1
DA:113,1
DA:114,0
DA:117,1
DA:118,1
DA:121,1
DA:122,0
DA:126,1
DA:128,1
DA:132,1
LF:58
LH:18
BRDA:15,0,0,0
BRDA:15,0,1,0
BRDA:18,1,0,0
BRDA:18,1,1,0
BRDA:31,2,0,0
BRDA:31,2,1,0
BRDA:36,3,0,0
BRDA:36,3,1,0
BRDA:37,4,0,0
BRDA:37,4,1,0
BRDA:39,5,0,0
BRDA:39,5,1,0
BRDA:45,6,0,0
BRDA:45,6,1,0
BRDA:45,7,0,0
BRDA:45,7,1,0
BRDA:49,8,0,0
BRDA:49,8,1,0
BRDA:61,9,0,0
BRDA:61,9,1,1
BRDA:86,10,0,0
BRDA:86,10,1,0
BRDA:95,11,0,0
BRDA:95,11,1,0
BRDA:113,12,0,0
BRDA:113,12,1,1
BRDA:121,13,0,0
BRDA:121,13,1,1
BRF:28
BRH:3
end_of_record
TN:
SF:src/services/user.service.js
FN:6,(anonymous_0)
FN:11,(anonymous_1)
FN:16,(anonymous_2)
FN:21,(anonymous_3)
FN:32,(anonymous_4)
FN:41,(anonymous_5)
FN:46,(anonymous_6)
FNF:7
FNH:0
FNDA:0,(anonymous_0)
FNDA:0,(anonymous_1)
FNDA:0,(anonymous_2)
FNDA:0,(anonymous_3)
FNDA:0,(anonymous_4)
FNDA:0,(anonymous_5)
FNDA:0,(anonymous_6)
DA:1,1
DA:7,0
DA:12,0
DA:17,0
DA:22,0
DA:24,0
DA:25,0
DA:27,0
DA:33,0
DA:42,0
DA:47,0
DA:51,1
LF:12
LH:2
BRDA:24,0,0,0
BRDA:24,0,1,0
BRF:2
BRH:0
end_of_record
